<<<<<<< Updated upstream
This is pdfTeX, Version 3.14159265-2.6-1.40.17 (TeX Live 2016) (preloaded format=pdflatex 2017.5.10)  1 JUL 2017 18:07
=======
This is pdfTeX, Version 3.14159265-2.6-1.40.17 (TeX Live 2016) (preloaded format=pdflatex 2017.5.10)  24 JUN 2017 09:00
>>>>>>> Stashed changes
entering extended mode
 restricted \write18 enabled.
 %&-line parsing enabled.
**multi_host_SI_sde.tex
(./multi_host_SI_sde.tex
LaTeX2e <2016/03/31>
Babel <3.9r> and hyphenation patterns for 83 language(s) loaded.
(/usr/local/texlive/2016/texmf-dist/tex/latex/elsarticle/elsarticle.cls
Document Class: elsarticle 2009/09/17, 1.2.0: Elsevier Ltd
\@bls=\dimen102
(/usr/local/texlive/2016/texmf-dist/tex/latex/base/article.cls
Document Class: article 2014/09/29 v1.4h Standard LaTeX document class
(/usr/local/texlive/2016/texmf-dist/tex/latex/base/size10.clo
File: size10.clo 2014/09/29 v1.4h Standard LaTeX file (size option)
)
\c@part=\count79
\c@section=\count80
\c@subsection=\count81
\c@subsubsection=\count82
\c@paragraph=\count83
\c@subparagraph=\count84
\c@figure=\count85
\c@table=\count86
\abovecaptionskip=\skip41
\belowcaptionskip=\skip42
\bibindent=\dimen103
)
(/usr/local/texlive/2016/texmf-dist/tex/latex/graphics/graphicx.sty
Package: graphicx 2014/10/28 v1.0g Enhanced LaTeX Graphics (DPC,SPQR)

(/usr/local/texlive/2016/texmf-dist/tex/latex/graphics/keyval.sty
Package: keyval 2014/10/28 v1.15 key=value parser (DPC)
\KV@toks@=\toks14
)
(/usr/local/texlive/2016/texmf-dist/tex/latex/graphics/graphics.sty
Package: graphics 2016/05/09 v1.0r Standard LaTeX Graphics (DPC,SPQR)

(/usr/local/texlive/2016/texmf-dist/tex/latex/graphics/trig.sty
Package: trig 2016/01/03 v1.10 sin cos tan (DPC)
)
(/usr/local/texlive/2016/texmf-dist/tex/latex/graphics-cfg/graphics.cfg
File: graphics.cfg 2016/01/02 v1.10 sample graphics configuration
)
Package graphics Info: Driver file: pdftex.def on input line 96.

(/usr/local/texlive/2016/texmf-dist/tex/latex/pdftex-def/pdftex.def
File: pdftex.def 2011/05/27 v0.06d Graphics/color for pdfTeX

(/usr/local/texlive/2016/texmf-dist/tex/generic/oberdiek/infwarerr.sty
Package: infwarerr 2016/05/16 v1.4 Providing info/warning/error messages (HO)
)
(/usr/local/texlive/2016/texmf-dist/tex/generic/oberdiek/ltxcmds.sty
Package: ltxcmds 2016/05/16 v1.23 LaTeX kernel commands for general use (HO)
)
\Gread@gobject=\count87
))
\Gin@req@height=\dimen104
\Gin@req@width=\dimen105
)
(/usr/local/texlive/2016/texmf-dist/tex/latex/psnfss/pifont.sty
Package: pifont 2005/04/12 PSNFSS-v9.2a Pi font support (SPQR) 
LaTeX Font Info:    Try loading font information for U+pzd on input line 63.

(/usr/local/texlive/2016/texmf-dist/tex/latex/psnfss/upzd.fd
File: upzd.fd 2001/06/04 font definitions for U/pzd.
)
LaTeX Font Info:    Try loading font information for U+psy on input line 64.

(/usr/local/texlive/2016/texmf-dist/tex/latex/psnfss/upsy.fd
File: upsy.fd 2001/06/04 font definitions for U/psy.
))
\c@tnote=\count88
\c@fnote=\count89
\c@cnote=\count90
\c@ead=\count91
\c@author=\count92
\@eadauthor=\toks15
\c@affn=\count93
\absbox=\box26
\keybox=\box27
\Columnwidth=\dimen106
\space@left=\dimen107
\els@boxa=\box28
\els@boxb=\box29
\leftMargin=\dimen108
\@enLab=\toks16
\@sep=\skip43
\@@sep=\skip44

(./multi_host_SI_sde.spl)
(/usr/local/texlive/2016/texmf-dist/tex/latex/natbib/natbib.sty
Package: natbib 2010/09/13 8.31b (PWD, AO)
\bibhang=\skip45
\bibsep=\skip46
LaTeX Info: Redefining \cite on input line 694.
\c@NAT@ctr=\count94
)
\splwrite=\write3
\openout3 = `multi_host_SI_sde.spl'.


(/usr/local/texlive/2016/texmf-dist/tex/latex/geometry/geometry.sty
Package: geometry 2010/09/12 v5.6 Page Geometry

(/usr/local/texlive/2016/texmf-dist/tex/generic/oberdiek/ifpdf.sty
Package: ifpdf 2016/05/14 v3.1 Provides the ifpdf switch
)
(/usr/local/texlive/2016/texmf-dist/tex/generic/oberdiek/ifvtex.sty
Package: ifvtex 2016/05/16 v1.6 Detect VTeX and its facilities (HO)
Package ifvtex Info: VTeX not detected.
)
(/usr/local/texlive/2016/texmf-dist/tex/generic/ifxetex/ifxetex.sty
Package: ifxetex 2010/09/12 v0.6 Provides ifxetex conditional
)
\Gm@cnth=\count95
\Gm@cntv=\count96
\c@Gm@tempcnt=\count97
\Gm@bindingoffset=\dimen109
\Gm@wd@mp=\dimen110
\Gm@odd@mp=\dimen111
\Gm@even@mp=\dimen112
\Gm@layoutwidth=\dimen113
\Gm@layoutheight=\dimen114
\Gm@layouthoffset=\dimen115
\Gm@layoutvoffset=\dimen116
\Gm@dimlist=\toks17
))
(/usr/local/texlive/2016/texmf-dist/tex/generic/babel/babel.sty
Package: babel 2016/04/23 3.9r The Babel package

(/usr/local/texlive/2016/texmf-dist/tex/generic/babel-english/english.ldf
Language: english 2012/08/20 v3.3p English support from the babel system

(/usr/local/texlive/2016/texmf-dist/tex/generic/babel/babel.def
File: babel.def 2016/04/23 3.9r Babel common definitions
\babel@savecnt=\count98
\U@D=\dimen117
)
\l@canadian = a dialect from \language\l@american 
\l@australian = a dialect from \language\l@british 
\l@newzealand = a dialect from \language\l@british 
))
(/usr/local/texlive/2016/texmf-dist/tex/latex/amsmath/amsmath.sty
Package: amsmath 2016/03/10 v2.15b AMS math features
\@mathmargin=\skip47

For additional information on amsmath, use the `?' option.
(/usr/local/texlive/2016/texmf-dist/tex/latex/amsmath/amstext.sty
Package: amstext 2000/06/29 v2.01 AMS text

(/usr/local/texlive/2016/texmf-dist/tex/latex/amsmath/amsgen.sty
File: amsgen.sty 1999/11/30 v2.0 generic functions
\@emptytoks=\toks18
\ex@=\dimen118
))
(/usr/local/texlive/2016/texmf-dist/tex/latex/amsmath/amsbsy.sty
Package: amsbsy 1999/11/29 v1.2d Bold Symbols
\pmbraise@=\dimen119
)
(/usr/local/texlive/2016/texmf-dist/tex/latex/amsmath/amsopn.sty
Package: amsopn 2016/03/08 v2.02 operator names
)
\inf@bad=\count99
LaTeX Info: Redefining \frac on input line 199.
\uproot@=\count100
\leftroot@=\count101
LaTeX Info: Redefining \overline on input line 297.
\classnum@=\count102
\DOTSCASE@=\count103
LaTeX Info: Redefining \ldots on input line 394.
LaTeX Info: Redefining \dots on input line 397.
LaTeX Info: Redefining \cdots on input line 518.
\Mathstrutbox@=\box30
\strutbox@=\box31
\big@size=\dimen120
LaTeX Font Info:    Redeclaring font encoding OML on input line 634.
LaTeX Font Info:    Redeclaring font encoding OMS on input line 635.
\macc@depth=\count104
\c@MaxMatrixCols=\count105
\dotsspace@=\muskip10
\c@parentequation=\count106
\dspbrk@lvl=\count107
\tag@help=\toks19
\row@=\count108
\column@=\count109
\maxfields@=\count110
\andhelp@=\toks20
\eqnshift@=\dimen121
\alignsep@=\dimen122
\tagshift@=\dimen123
\tagwidth@=\dimen124
\totwidth@=\dimen125
\lineht@=\dimen126
\@envbody=\toks21
\multlinegap=\skip48
\multlinetaggap=\skip49
\mathdisplay@stack=\toks22
LaTeX Info: Redefining \[ on input line 2739.
LaTeX Info: Redefining \] on input line 2740.
)
(/usr/local/texlive/2016/texmf-dist/tex/latex/amsfonts/amssymb.sty
Package: amssymb 2013/01/14 v3.01 AMS font symbols

(/usr/local/texlive/2016/texmf-dist/tex/latex/amsfonts/amsfonts.sty
Package: amsfonts 2013/01/14 v3.01 Basic AMSFonts support
\symAMSa=\mathgroup4
\symAMSb=\mathgroup5
LaTeX Font Info:    Overwriting math alphabet `\mathfrak' in version `bold'
(Font)                  U/euf/m/n --> U/euf/b/n on input line 106.
))
(/usr/local/texlive/2016/texmf-dist/tex/latex/ms/ragged2e.sty
Package: ragged2e 2009/05/21 v2.1 ragged2e Package (MS)

(/usr/local/texlive/2016/texmf-dist/tex/latex/ms/everysel.sty
Package: everysel 2011/10/28 v1.2 EverySelectfont Package (MS)
)
\CenteringLeftskip=\skip50
\RaggedLeftLeftskip=\skip51
\RaggedRightLeftskip=\skip52
\CenteringRightskip=\skip53
\RaggedLeftRightskip=\skip54
\RaggedRightRightskip=\skip55
\CenteringParfillskip=\skip56
\RaggedLeftParfillskip=\skip57
\RaggedRightParfillskip=\skip58
\JustifyingParfillskip=\skip59
\CenteringParindent=\skip60
\RaggedLeftParindent=\skip61
\RaggedRightParindent=\skip62
\JustifyingParindent=\skip63
)
(/usr/local/texlive/2016/texmf-dist/tex/latex/amscls/amsthm.sty
Package: amsthm 2015/03/04 v2.20.2
\thm@style=\toks23
\thm@bodyfont=\toks24
\thm@headfont=\toks25
\thm@notefont=\toks26
\thm@headpunct=\toks27
\thm@preskip=\skip64
\thm@postskip=\skip65
\thm@headsep=\skip66
\dth@everypar=\toks28
LaTeX Info: Redefining \qed on input line 264.
)
(/usr/local/texlive/2016/texmf-dist/tex/latex/mnsymbol/MnSymbol.sty
Package: MnSymbol 2007/01/21 v1.4 support for the MnSymbol font

(/usr/local/texlive/2016/texmf-dist/tex/latex/base/textcomp.sty
Package: textcomp 2005/09/27 v1.99g Standard LaTeX package
Package textcomp Info: Sub-encoding information:
(textcomp)               5 = only ISO-Adobe without \textcurrency
(textcomp)               4 = 5 + \texteuro
(textcomp)               3 = 4 + \textohm
(textcomp)               2 = 3 + \textestimated + \textcurrency
(textcomp)               1 = TS1 - \textcircled - \t
(textcomp)               0 = TS1 (full)
(textcomp)             Font families with sub-encoding setting implement
(textcomp)             only a restricted character set as indicated.
(textcomp)             Family '?' is the default used for unknown fonts.
(textcomp)             See the documentation for details.
Package textcomp Info: Setting ? sub-encoding to TS1/1 on input line 79.

(/usr/local/texlive/2016/texmf-dist/tex/latex/base/ts1enc.def
File: ts1enc.def 2001/06/05 v3.0e (jk/car/fm) Standard LaTeX file
)
LaTeX Info: Redefining \oldstylenums on input line 334.
Package textcomp Info: Setting cmr sub-encoding to TS1/0 on input line 349.
Package textcomp Info: Setting cmss sub-encoding to TS1/0 on input line 350.
Package textcomp Info: Setting cmtt sub-encoding to TS1/0 on input line 351.
Package textcomp Info: Setting cmvtt sub-encoding to TS1/0 on input line 352.
Package textcomp Info: Setting cmbr sub-encoding to TS1/0 on input line 353.
Package textcomp Info: Setting cmtl sub-encoding to TS1/0 on input line 354.
Package textcomp Info: Setting ccr sub-encoding to TS1/0 on input line 355.
Package textcomp Info: Setting ptm sub-encoding to TS1/4 on input line 356.
Package textcomp Info: Setting pcr sub-encoding to TS1/4 on input line 357.
Package textcomp Info: Setting phv sub-encoding to TS1/4 on input line 358.
Package textcomp Info: Setting ppl sub-encoding to TS1/3 on input line 359.
Package textcomp Info: Setting pag sub-encoding to TS1/4 on input line 360.
Package textcomp Info: Setting pbk sub-encoding to TS1/4 on input line 361.
Package textcomp Info: Setting pnc sub-encoding to TS1/4 on input line 362.
Package textcomp Info: Setting pzc sub-encoding to TS1/4 on input line 363.
Package textcomp Info: Setting bch sub-encoding to TS1/4 on input line 364.
Package textcomp Info: Setting put sub-encoding to TS1/5 on input line 365.
Package textcomp Info: Setting uag sub-encoding to TS1/5 on input line 366.
Package textcomp Info: Setting ugq sub-encoding to TS1/5 on input line 367.
Package textcomp Info: Setting ul8 sub-encoding to TS1/4 on input line 368.
Package textcomp Info: Setting ul9 sub-encoding to TS1/4 on input line 369.
Package textcomp Info: Setting augie sub-encoding to TS1/5 on input line 370.
Package textcomp Info: Setting dayrom sub-encoding to TS1/3 on input line 371.
Package textcomp Info: Setting dayroms sub-encoding to TS1/3 on input line 372.

Package textcomp Info: Setting pxr sub-encoding to TS1/0 on input line 373.
Package textcomp Info: Setting pxss sub-encoding to TS1/0 on input line 374.
Package textcomp Info: Setting pxtt sub-encoding to TS1/0 on input line 375.
Package textcomp Info: Setting txr sub-encoding to TS1/0 on input line 376.
Package textcomp Info: Setting txss sub-encoding to TS1/0 on input line 377.
Package textcomp Info: Setting txtt sub-encoding to TS1/0 on input line 378.
Package textcomp Info: Setting lmr sub-encoding to TS1/0 on input line 379.
Package textcomp Info: Setting lmdh sub-encoding to TS1/0 on input line 380.
Package textcomp Info: Setting lmss sub-encoding to TS1/0 on input line 381.
Package textcomp Info: Setting lmssq sub-encoding to TS1/0 on input line 382.
Package textcomp Info: Setting lmvtt sub-encoding to TS1/0 on input line 383.
Package textcomp Info: Setting lmtt sub-encoding to TS1/0 on input line 384.
Package textcomp Info: Setting qhv sub-encoding to TS1/0 on input line 385.
Package textcomp Info: Setting qag sub-encoding to TS1/0 on input line 386.
Package textcomp Info: Setting qbk sub-encoding to TS1/0 on input line 387.
Package textcomp Info: Setting qcr sub-encoding to TS1/0 on input line 388.
Package textcomp Info: Setting qcs sub-encoding to TS1/0 on input line 389.
Package textcomp Info: Setting qpl sub-encoding to TS1/0 on input line 390.
Package textcomp Info: Setting qtm sub-encoding to TS1/0 on input line 391.
Package textcomp Info: Setting qzc sub-encoding to TS1/0 on input line 392.
Package textcomp Info: Setting qhvc sub-encoding to TS1/0 on input line 393.
Package textcomp Info: Setting futs sub-encoding to TS1/4 on input line 394.
Package textcomp Info: Setting futx sub-encoding to TS1/4 on input line 395.
Package textcomp Info: Setting futj sub-encoding to TS1/4 on input line 396.
Package textcomp Info: Setting hlh sub-encoding to TS1/3 on input line 397.
Package textcomp Info: Setting hls sub-encoding to TS1/3 on input line 398.
Package textcomp Info: Setting hlst sub-encoding to TS1/3 on input line 399.
Package textcomp Info: Setting hlct sub-encoding to TS1/5 on input line 400.
Package textcomp Info: Setting hlx sub-encoding to TS1/5 on input line 401.
Package textcomp Info: Setting hlce sub-encoding to TS1/5 on input line 402.
Package textcomp Info: Setting hlcn sub-encoding to TS1/5 on input line 403.
Package textcomp Info: Setting hlcw sub-encoding to TS1/5 on input line 404.
Package textcomp Info: Setting hlcf sub-encoding to TS1/5 on input line 405.
Package textcomp Info: Setting pplx sub-encoding to TS1/3 on input line 406.
Package textcomp Info: Setting pplj sub-encoding to TS1/3 on input line 407.
Package textcomp Info: Setting ptmx sub-encoding to TS1/4 on input line 408.
Package textcomp Info: Setting ptmj sub-encoding to TS1/4 on input line 409.
)
LaTeX Info: Redefining \dagger on input line 84.
LaTeX Info: Redefining \ddagger on input line 84.
LaTeX Info: Redefining \mathparagraph on input line 84.
LaTeX Info: Redefining \mathsection on input line 84.
LaTeX Info: Redefining \mathdollar on input line 84.
LaTeX Info: Redefining \mathsterling on input line 84.
LaTeX Info: Redefining \yen on input line 84.
LaTeX Info: Redefining \circledR on input line 84.
LaTeX Info: Redefining \circledS on input line 84.
LaTeX Info: Redefining \Re on input line 84.
LaTeX Info: Redefining \Im on input line 84.
LaTeX Info: Redefining \dotplus on input line 84.
LaTeX Info: Redefining \thicksim on input line 84.
LaTeX Info: Redefining \thickapprox on input line 84.
LaTeX Info: Redefining \veebar on input line 84.
LaTeX Info: Redefining \barwedge on input line 84.
LaTeX Info: Redefining \doublebarwedge on input line 84.
LaTeX Info: Redefining \centerdot on input line 84.
LaTeX Info: Redefining \divideontimes on input line 84.
\symMnSyA=\mathgroup6
\symMnSyB=\mathgroup7
\symMnSyC=\mathgroup8
\symMnSyD=\mathgroup9
LaTeX Font Info:    Redeclaring symbol font `largesymbols' on input line 119.
LaTeX Font Info:    Overwriting symbol font `largesymbols' in version `normal'
(Font)                  OMX/cmex/m/n --> OMX/MnSymbolE/m/n on input line 119.
LaTeX Font Info:    Overwriting symbol font `largesymbols' in version `bold'
(Font)                  OMX/cmex/m/n --> OMX/MnSymbolE/m/n on input line 119.
LaTeX Font Info:    Redeclaring symbol font `symbols' on input line 120.
LaTeX Font Info:    Encoding `OMS' has changed to `U' for symbol font
(Font)              `symbols' in the math version `normal' on input line 120.
LaTeX Font Info:    Overwriting symbol font `symbols' in version `normal'
(Font)                  OMS/cmsy/m/n --> U/MnSymbolF/m/n on input line 120.
LaTeX Font Info:    Encoding `OMS' has changed to `U' for symbol font
(Font)              `symbols' in the math version `bold' on input line 120.
LaTeX Font Info:    Overwriting symbol font `symbols' in version `bold'
(Font)                  OMS/cmsy/b/n --> U/MnSymbolF/m/n on input line 120.
LaTeX Font Info:    Overwriting symbol font `MnSyA' in version `bold'
(Font)                  U/MnSymbolA/m/n --> U/MnSymbolA/b/n on input line 121.
LaTeX Font Info:    Overwriting symbol font `MnSyB' in version `bold'
(Font)                  U/MnSymbolB/m/n --> U/MnSymbolB/b/n on input line 122.
LaTeX Font Info:    Overwriting symbol font `MnSyC' in version `bold'
(Font)                  U/MnSymbolC/m/n --> U/MnSymbolC/b/n on input line 123.
LaTeX Font Info:    Overwriting symbol font `MnSyD' in version `bold'
(Font)                  U/MnSymbolD/m/n --> U/MnSymbolD/b/n on input line 124.
LaTeX Font Info:    Overwriting symbol font `largesymbols' in version `bold'
(Font)                  OMX/MnSymbolE/m/n --> OMX/MnSymbolE/b/n on input line 1
25.
LaTeX Font Info:    Overwriting symbol font `symbols' in version `bold'
(Font)                  U/MnSymbolF/m/n --> U/MnSymbolF/b/n on input line 126.
LaTeX Font Info:    Redeclaring math alphabet \mathcal on input line 241.
LaTeX Font Info:    Overwriting math alphabet `\mathcal' in version `bold'
(Font)                  OMS/MnSymbolS/m/n --> OMS/MnSymbolS/b/n on input line 2
41.
LaTeX Info: Redefining \longrightarrow on input line 548.
LaTeX Info: Redefining \longleftarrow on input line 549.
LaTeX Info: Redefining \longleftrightarrow on input line 550.
LaTeX Info: Redefining \Longrightarrow on input line 551.
LaTeX Info: Redefining \Longleftarrow on input line 552.
LaTeX Info: Redefining \Longleftrightarrow on input line 553.
LaTeX Info: Redefining \longmapsto on input line 554.
LaTeX Info: Redefining \vdots on input line 868.
LaTeX Font Info:    Redeclaring math symbol \braceld on input line 1721.
LaTeX Font Info:    Redeclaring math symbol \bracelu on input line 1722.
LaTeX Font Info:    Redeclaring math symbol \bracerd on input line 1723.
LaTeX Font Info:    Redeclaring math symbol \braceru on input line 1724.
LaTeX Info: Redefining \downbracefill on input line 1799.
LaTeX Info: Redefining \upbracefill on input line 1800.
LaTeX Info: Redefining \overbrace on input line 1819.
LaTeX Info: Redefining \underbrace on input line 1820.
LaTeX Info: Redefining \surd on input line 1843.
LaTeX Font Info:    Redeclaring math accent \widehat on input line 1845.
LaTeX Font Info:    Redeclaring math accent \widetilde on input line 1846.
LaTeX Font Info:    Redeclaring math accent \vec on input line 1848.
)
(/usr/local/texlive/2016/texmf-dist/tex/latex/bbm-macros/bbm.sty
Package: bbm 1999/03/15 V 1.2 provides fonts for set symbols - TH
LaTeX Font Info:    Overwriting math alphabet `\mathbbm' in version `bold'
(Font)                  U/bbm/m/n --> U/bbm/bx/n on input line 33.
LaTeX Font Info:    Overwriting math alphabet `\mathbbmss' in version `bold'
(Font)                  U/bbmss/m/n --> U/bbmss/bx/n on input line 35.
)
<<<<<<< Updated upstream
(/usr/local/texlive/2016/texmf-dist/tex/latex/appendix/appendix.sty
Package: appendix 2009/09/02 v1.2b extra appendix facilities
\c@@pps=\count111
\c@@ppsavesec=\count112
\c@@ppsaveapp=\count113
)
=======
>>>>>>> Stashed changes
(/usr/local/texlive/2016/texmf-dist/tex/latex/subfig/subfig.sty
Package: subfig 2005/06/28 ver: 1.3 subfig package

(/usr/local/texlive/2016/texmf-dist/tex/latex/caption/caption.sty
Package: caption 2016/02/21 v3.3-144 Customizing captions (AR)

(/usr/local/texlive/2016/texmf-dist/tex/latex/caption/caption3.sty
Package: caption3 2016/02/04 v1.7-139 caption3 kernel (AR)
Package caption3 Info: TeX engine: e-TeX on input line 67.
\captionmargin=\dimen127
\captionmargin@=\dimen128
\captionwidth=\dimen129
\caption@tempdima=\dimen130
\caption@indent=\dimen131
\caption@parindent=\dimen132
\caption@hangindent=\dimen133
)
\c@ContinuedFloat=\count114
)
\c@KVtest=\count115
\sf@farskip=\skip67
\sf@captopadj=\dimen134
\sf@capskip=\skip68
\sf@nearskip=\skip69
\c@subfigure=\count116
\c@subfigure@save=\count117
\c@lofdepth=\count118
\c@subtable=\count119
\c@subtable@save=\count120
\c@lotdepth=\count121
\sf@top=\skip70
\sf@bottom=\skip71
)
(/usr/local/texlive/2016/texmf-dist/tex/latex/siunitx/siunitx.sty
(/usr/local/texlive/2016/texmf-dist/tex/latex/l3kernel/expl3.sty
Package: expl3 2016/05/18 v6512 L3 programming layer (loader) 

(/usr/local/texlive/2016/texmf-dist/tex/latex/l3kernel/expl3-code.tex
Package: expl3 2016/05/18 v6512 L3 programming layer (code)
L3 Module: l3bootstrap 2016/02/12 v6412 L3 Bootstrap code
L3 Module: l3names 2016/03/11 v6433 L3 Namespace for primitives
L3 Module: l3basics 2015/11/22 v6315 L3 Basic definitions
L3 Module: l3expan 2015/09/10 v5983 L3 Argument expansion
L3 Module: l3tl 2016/03/26 v6465 L3 Token lists
L3 Module: l3str 2016/03/24 v6441 L3 Strings
L3 Module: l3seq 2015/08/05 v5777 L3 Sequences and stacks
L3 Module: l3int 2016/03/24 v6441 L3 Integers
<<<<<<< Updated upstream
\c_max_int=\count122
\l_tmpa_int=\count123
\l_tmpb_int=\count124
\g_tmpa_int=\count125
\g_tmpb_int=\count126
L3 Module: l3quark 2015/08/17 v5855 L3 Quarks
L3 Module: l3prg 2015/11/01 v6216 L3 Control structures
\g__prg_map_int=\count127
=======
\c_max_int=\count119
\l_tmpa_int=\count120
\l_tmpb_int=\count121
\g_tmpa_int=\count122
\g_tmpb_int=\count123
L3 Module: l3quark 2015/08/17 v5855 L3 Quarks
L3 Module: l3prg 2015/11/01 v6216 L3 Control structures
\g__prg_map_int=\count124
>>>>>>> Stashed changes
L3 Module: l3clist 2015/09/02 v5901 L3 Comma separated lists
L3 Module: l3token 2016/04/03 v6470 L3 Experimental token manipulation
L3 Module: l3prop 2016/01/05 v6366 L3 Property lists
L3 Module: l3msg 2016/03/26 v6464 L3 Messages
L3 Module: l3file 2016/03/25 v6458 L3 File and I/O operations
<<<<<<< Updated upstream
\l_iow_line_count_int=\count128
\l__iow_target_count_int=\count129
\l__iow_current_line_int=\count130
\l__iow_current_word_int=\count131
\l__iow_current_indentation_int=\count132
=======
\l_iow_line_count_int=\count125
\l__iow_target_count_int=\count126
\l__iow_current_line_int=\count127
\l__iow_current_word_int=\count128
\l__iow_current_indentation_int=\count129
>>>>>>> Stashed changes
L3 Module: l3skip 2016/01/05 v6366 L3 Dimensions and skips
\c_zero_dim=\dimen135
\c_max_dim=\dimen136
\l_tmpa_dim=\dimen137
\l_tmpb_dim=\dimen138
\g_tmpa_dim=\dimen139
\g_tmpb_dim=\dimen140
\c_zero_skip=\skip72
\c_max_skip=\skip73
\l_tmpa_skip=\skip74
\l_tmpb_skip=\skip75
\g_tmpa_skip=\skip76
\g_tmpb_skip=\skip77
\c_zero_muskip=\muskip11
\c_max_muskip=\muskip12
\l_tmpa_muskip=\muskip13
\l_tmpb_muskip=\muskip14
\g_tmpa_muskip=\muskip15
\g_tmpb_muskip=\muskip16
L3 Module: l3keys 2015/11/17 v6284 L3 Key-value interfaces
<<<<<<< Updated upstream
\g__keyval_level_int=\count133
\l_keys_choice_int=\count134
L3 Module: l3fp 2016/03/26 v6465 L3 Floating points
\c__fp_leading_shift_int=\count135
\c__fp_middle_shift_int=\count136
\c__fp_trailing_shift_int=\count137
\c__fp_big_leading_shift_int=\count138
\c__fp_big_middle_shift_int=\count139
\c__fp_big_trailing_shift_int=\count140
\c__fp_Bigg_leading_shift_int=\count141
\c__fp_Bigg_middle_shift_int=\count142
\c__fp_Bigg_trailing_shift_int=\count143
=======
\g__keyval_level_int=\count130
\l_keys_choice_int=\count131
L3 Module: l3fp 2016/03/26 v6465 L3 Floating points
\c__fp_leading_shift_int=\count132
\c__fp_middle_shift_int=\count133
\c__fp_trailing_shift_int=\count134
\c__fp_big_leading_shift_int=\count135
\c__fp_big_middle_shift_int=\count136
\c__fp_big_trailing_shift_int=\count137
\c__fp_Bigg_leading_shift_int=\count138
\c__fp_Bigg_middle_shift_int=\count139
\c__fp_Bigg_trailing_shift_int=\count140
>>>>>>> Stashed changes
L3 Module: l3box 2015/08/09 v5822 L3 Experimental boxes
\c_empty_box=\box32
\l_tmpa_box=\box33
\l_tmpb_box=\box34
\g_tmpa_box=\box35
\g_tmpb_box=\box36
L3 Module: l3coffins 2016/05/17 v6508 L3 Coffin code layer
\l__coffin_internal_box=\box37
\l__coffin_internal_dim=\dimen141
\l__coffin_offset_x_dim=\dimen142
\l__coffin_offset_y_dim=\dimen143
\l__coffin_x_dim=\dimen144
\l__coffin_y_dim=\dimen145
\l__coffin_x_prime_dim=\dimen146
\l__coffin_y_prime_dim=\dimen147
\c_empty_coffin=\box38
\l__coffin_aligned_coffin=\box39
\l__coffin_aligned_internal_coffin=\box40
\l_tmpa_coffin=\box41
\l_tmpb_coffin=\box42
\l__coffin_display_coffin=\box43
\l__coffin_display_coord_coffin=\box44
\l__coffin_display_pole_coffin=\box45
\l__coffin_display_offset_dim=\dimen148
\l__coffin_display_x_dim=\dimen149
\l__coffin_display_y_dim=\dimen150
L3 Module: l3color 2014/08/23 v5354 L3 Experimental color support
L3 Module: l3sys 2015/09/25 v6087 L3 Experimental system/runtime functions
L3 Module: l3candidates 2016/05/13 v6484 L3 Experimental additions to l3kernel
\l__box_top_dim=\dimen151
\l__box_bottom_dim=\dimen152
\l__box_left_dim=\dimen153
\l__box_right_dim=\dimen154
\l__box_top_new_dim=\dimen155
\l__box_bottom_new_dim=\dimen156
\l__box_left_new_dim=\dimen157
\l__box_right_new_dim=\dimen158
\l__box_internal_box=\box46
\l__coffin_bounding_shift_dim=\dimen159
\l__coffin_left_corner_dim=\dimen160
\l__coffin_right_corner_dim=\dimen161
\l__coffin_bottom_corner_dim=\dimen162
\l__coffin_top_corner_dim=\dimen163
\l__coffin_scaled_total_height_dim=\dimen164
\l__coffin_scaled_width_dim=\dimen165
L3 Module: l3luatex 2016/03/26 v6465 L3 Experimental LuaTeX-specific functions
)
(/usr/local/texlive/2016/texmf-dist/tex/latex/l3kernel/l3pdfmode.def
File: l3pdfmode.def 2016/03/26 v6465 L3 Experimental driver: PDF mode
<<<<<<< Updated upstream
\l__driver_color_stack_int=\count144
=======
\l__driver_color_stack_int=\count141
>>>>>>> Stashed changes
\l__driver_tmp_box=\box47
))
(/usr/local/texlive/2016/texmf-dist/tex/latex/l3packages/xparse/xparse.sty
Package: xparse 2016/05/18 v6512 L3 Experimental document command parser
<<<<<<< Updated upstream
\l__xparse_current_arg_int=\count145
\l__xparse_m_args_int=\count146
\l__xparse_mandatory_args_int=\count147
\l__xparse_processor_int=\count148
\l__xparse_v_nesting_int=\count149
=======
\l__xparse_current_arg_int=\count142
\l__xparse_m_args_int=\count143
\l__xparse_mandatory_args_int=\count144
\l__xparse_processor_int=\count145
\l__xparse_v_nesting_int=\count146
>>>>>>> Stashed changes
)
Package: siunitx 2016/03/01 v2.6q A comprehensive (SI) units package

(/usr/local/texlive/2016/texmf-dist/tex/latex/tools/array.sty
Package: array 2014/10/28 v2.4c Tabular extension package (FMi)
\col@sep=\dimen166
\extrarowheight=\dimen167
\NC@list=\toks29
\extratabsurround=\skip78
\backup@length=\skip79
)
(/usr/local/texlive/2016/texmf-dist/tex/latex/l3packages/l3keys2e/l3keys2e.sty
Package: l3keys2e 2016/05/18 v6512 LaTeX2e option processing using LaTeX3 keys
)
\l__siunitx_tmp_box=\box48
\l__siunitx_tmp_dim=\dimen168
<<<<<<< Updated upstream
\l__siunitx_tmp_int=\count150
\l__siunitx_number_mantissa_length_int=\count151
\l__siunitx_number_uncert_length_int=\count152
\l__siunitx_round_int=\count153
\l__siunitx_process_decimal_int=\count154
\l__siunitx_process_uncertainty_int=\count155
\l__siunitx_process_fixed_int=\count156
\l__siunitx_process_integer_min_int=\count157
\l__siunitx_process_precision_int=\count158
\l__siunitx_group_min_int=\count159
=======
\l__siunitx_tmp_int=\count147
\l__siunitx_number_mantissa_length_int=\count148
\l__siunitx_number_uncert_length_int=\count149
\l__siunitx_round_int=\count150
\l__siunitx_process_decimal_int=\count151
\l__siunitx_process_uncertainty_int=\count152
\l__siunitx_process_fixed_int=\count153
\l__siunitx_process_integer_min_int=\count154
\l__siunitx_process_precision_int=\count155
\l__siunitx_group_min_int=\count156
>>>>>>> Stashed changes
\l__siunitx_angle_marker_box=\box49
\l__siunitx_angle_unit_box=\box50
\l__siunitx_angle_marker_dim=\dimen169
\l__siunitx_angle_unit_dim=\dimen170
<<<<<<< Updated upstream
\l__siunitx_unit_int=\count160
\l__siunitx_unit_denominator_int=\count161
\l__siunitx_unit_numerator_int=\count162
\l__siunitx_unit_prefix_int=\count163
\l__siunitx_unit_prefix_base_int=\count164
\l__siunitx_unit_prefix_gram_int=\count165
\l__siunitx_number_product_int=\count166
=======
\l__siunitx_unit_int=\count157
\l__siunitx_unit_denominator_int=\count158
\l__siunitx_unit_numerator_int=\count159
\l__siunitx_unit_prefix_int=\count160
\l__siunitx_unit_prefix_base_int=\count161
\l__siunitx_unit_prefix_gram_int=\count162
\l__siunitx_number_product_int=\count163
>>>>>>> Stashed changes
\c__siunitx_one_fill_skip=\skip80
\l__siunitx_table_unit_align_skip=\skip81
\l__siunitx_table_exponent_dim=\dimen171
\l__siunitx_table_integer_dim=\dimen172
\l__siunitx_table_mantissa_dim=\dimen173
\l__siunitx_table_marker_dim=\dimen174
\l__siunitx_table_result_dim=\dimen175
\l__siunitx_table_uncert_dim=\dimen176
\l__siunitx_table_fill_pre_dim=\dimen177
\l__siunitx_table_fill_post_dim=\dimen178
\l__siunitx_table_fill_mid_dim=\dimen179
\l__siunitx_table_pre_box=\box51
\l__siunitx_table_post_box=\box52
\l__siunitx_table_mantissa_box=\box53
\l__siunitx_table_result_box=\box54
\l__siunitx_table_number_align_skip=\skip82
\l__siunitx_table_text_align_skip=\skip83
.................................................
. LaTeX info: "xparse/define-command"
. 
. Defining command \DeclareBinaryPrefix with sig. 'mmm' on line 7218.
.................................................
.................................................
. LaTeX info: "xparse/define-command"
. 
. Defining command \DeclareSIPostPower with sig. 'mm' on line 7221.
.................................................
.................................................
. LaTeX info: "xparse/define-command"
. 
. Defining command \DeclareSIPrefix with sig. 'mmm' on line 7224.
.................................................
.................................................
. LaTeX info: "xparse/define-command"
. 
. Defining command \DeclareSIPrePower with sig. 'mm' on line 7227.
.................................................
.................................................
. LaTeX info: "xparse/define-command"
. 
. Defining command \DeclareSIQualifier with sig. 'mm' on line 7230.
.................................................
.................................................
. LaTeX info: "xparse/define-command"
. 
. Defining command \DeclareSIUnit with sig. 'O{}mm' on line 7233.
.................................................
.................................................
. LaTeX info: "xparse/define-command"
. 
. Defining command \DeclareSIUnitWithOptions with sig. 'mmm' on line 7236.
.................................................
.................................................
. LaTeX info: "xparse/define-command"
. 
. Defining command \ang with sig. 'o>{\SplitArgument {2}{;}}m' on line 7251.
.................................................
.................................................
. LaTeX info: "xparse/define-command"
. 
. Defining command \num with sig. 'om' on line 7260.
.................................................
.................................................
. LaTeX info: "xparse/define-command"
. 
. Defining command \numlist with sig. 'o>{\SplitList {;}}m' on line 7269.
.................................................
.................................................
. LaTeX info: "xparse/define-command"
. 
. Defining command \numrange with sig. 'omm' on line 7278.
.................................................
.................................................
. LaTeX info: "xparse/define-command"
. 
. Defining command \SIlist with sig. 'o>{\SplitList {;}}mm' on line 7290.
.................................................
.................................................
. LaTeX info: "xparse/define-command"
. 
. Defining command \SIrange with sig. 'ommm' on line 7302.
.................................................
.................................................
. LaTeX info: "xparse/define-command"
. 
. Defining command \SI with sig. 'omom' on line 7314.
.................................................
.................................................
. LaTeX info: "xparse/define-command"
. 
. Defining command \sisetup with sig. 'm' on line 7317.
.................................................
.................................................
. LaTeX info: "xparse/define-command"
. 
. Defining command \tablenum with sig. 'om' on line 7332.
.................................................
.................................................
. LaTeX info: "xparse/define-command"
. 
. Defining command \si with sig. 'om' on line 7344.
.................................................
.................................................
. LaTeX info: "xparse/define-command"
. 
. Defining command \__siunitx_bookmark_num:w with sig. 'om' on line 7391.
.................................................
.................................................
. LaTeX info: "xparse/define-command"
. 
. Defining command \__siunitx_bookmark_numrange:w with sig. 'omm' on line
. 7393.
.................................................
.................................................
. LaTeX info: "xparse/define-command"
. 
. Defining command \__siunitx_bookmark_SI:w with sig. 'omom' on line 7395.
.................................................
.................................................
. LaTeX info: "xparse/define-command"
. 
. Defining command \__siunitx_bookmark_SIlist:w with sig. 'omm' on line 7397.
.................................................
.................................................
. LaTeX info: "xparse/define-command"
. 
. Defining command \__siunitx_bookmark_SIrange:w with sig. 'ommm' on line
. 7399.
.................................................
.................................................
. LaTeX info: "xparse/define-command"
. 
. Defining command \__siunitx_bookmark_si:w with sig. 'om' on line 7400.
.................................................
\g__file_internal_ior=\read1
(/usr/local/texlive/2016/texmf-dist/tex/latex/beamer/translator/translator.sty
Package: translator 2010/06/12 ver 1.10

(/usr/local/texlive/2016/texmf-dist/tex/latex/beamer/translator/translator-lang
uage-mappings.tex)))
(/usr/local/texlive/2016/texmf-dist/tex/latex/lineno/lineno.sty
Package: lineno 2005/11/02 line numbers on paragraphs v4.41
<<<<<<< Updated upstream
\linenopenalty=\count167
\output=\toks30
\linenoprevgraf=\count168
\linenumbersep=\dimen180
\linenumberwidth=\dimen181
\c@linenumber=\count169
\c@pagewiselinenumber=\count170
\c@LN@truepage=\count171
\c@internallinenumber=\count172
\c@internallinenumbers=\count173
=======
\linenopenalty=\count164
\output=\toks30
\linenoprevgraf=\count165
\linenumbersep=\dimen180
\linenumberwidth=\dimen181
\c@linenumber=\count166
\c@pagewiselinenumber=\count167
\c@LN@truepage=\count168
\c@internallinenumber=\count169
\c@internallinenumbers=\count170
>>>>>>> Stashed changes
\quotelinenumbersep=\dimen182
\bframerule=\dimen183
\bframesep=\dimen184
\bframebox=\box55
LaTeX Info: Redefining \\ on input line 3056.
)
(/usr/local/texlive/2016/texmf-dist/tex/latex/hyperref/hyperref.sty
Package: hyperref 2016/05/05 v6.83n Hypertext links for LaTeX

(/usr/local/texlive/2016/texmf-dist/tex/generic/oberdiek/hobsub-hyperref.sty
Package: hobsub-hyperref 2016/05/16 v1.14 Bundle oberdiek, subset hyperref (HO)


(/usr/local/texlive/2016/texmf-dist/tex/generic/oberdiek/hobsub-generic.sty
Package: hobsub-generic 2016/05/16 v1.14 Bundle oberdiek, subset generic (HO)
Package: hobsub 2016/05/16 v1.14 Construct package bundles (HO)
Package hobsub Info: Skipping package `infwarerr' (already loaded).
Package hobsub Info: Skipping package `ltxcmds' (already loaded).
Package: ifluatex 2016/05/16 v1.4 Provides the ifluatex switch (HO)
Package ifluatex Info: LuaTeX not detected.
Package hobsub Info: Skipping package `ifvtex' (already loaded).
Package: intcalc 2016/05/16 v1.2 Expandable calculations with integers (HO)
Package hobsub Info: Skipping package `ifpdf' (already loaded).
Package: etexcmds 2016/05/16 v1.6 Avoid name clashes with e-TeX commands (HO)
Package etexcmds Info: Could not find \expanded.
(etexcmds)             That can mean that you are not using pdfTeX 1.50 or
(etexcmds)             that some package has redefined \expanded.
(etexcmds)             In the latter case, load this package earlier.
Package: kvsetkeys 2016/05/16 v1.17 Key value parser (HO)
Package: kvdefinekeys 2016/05/16 v1.4 Define keys (HO)
Package: pdftexcmds 2016/05/10 v0.21 Utility functions of pdfTeX for LuaTeX (HO
)
Package pdftexcmds Info: LuaTeX not detected.
Package pdftexcmds Info: \pdf@primitive is available.
Package pdftexcmds Info: \pdf@ifprimitive is available.
Package pdftexcmds Info: \pdfdraftmode found.
Package: pdfescape 2016/05/16 v1.14 Implements pdfTeX's escape features (HO)
Package: bigintcalc 2016/05/16 v1.4 Expandable calculations on big integers (HO
)
Package: bitset 2016/05/16 v1.2 Handle bit-vector datatype (HO)
Package: uniquecounter 2016/05/16 v1.3 Provide unlimited unique counter (HO)
)
Package hobsub Info: Skipping package `hobsub' (already loaded).
Package: letltxmacro 2016/05/16 v1.5 Let assignment for LaTeX macros (HO)
Package: hopatch 2016/05/16 v1.3 Wrapper for package hooks (HO)
Package: xcolor-patch 2016/05/16 xcolor patch
Package: atveryend 2016/05/16 v1.9 Hooks at the very end of document (HO)
Package atveryend Info: \enddocument detected (standard20110627).
Package: atbegshi 2016/05/16 v1.17 At begin shipout hook (HO)
Package: refcount 2016/05/16 v3.5 Data extraction from label references (HO)
Package: hycolor 2016/05/16 v1.8 Color options for hyperref/bookmark (HO)
)
(/usr/local/texlive/2016/texmf-dist/tex/latex/oberdiek/auxhook.sty
Package: auxhook 2016/05/16 v1.4 Hooks for auxiliary files (HO)
)
(/usr/local/texlive/2016/texmf-dist/tex/latex/oberdiek/kvoptions.sty
Package: kvoptions 2016/05/16 v3.12 Key value format for package options (HO)
)
\@linkdim=\dimen185
<<<<<<< Updated upstream
\Hy@linkcounter=\count174
\Hy@pagecounter=\count175
=======
\Hy@linkcounter=\count171
\Hy@pagecounter=\count172
>>>>>>> Stashed changes

(/usr/local/texlive/2016/texmf-dist/tex/latex/hyperref/pd1enc.def
File: pd1enc.def 2016/05/05 v6.83n Hyperref: PDFDocEncoding definition (HO)
)
<<<<<<< Updated upstream
\Hy@SavedSpaceFactor=\count176
=======
\Hy@SavedSpaceFactor=\count173
>>>>>>> Stashed changes

(/usr/local/texlive/2016/texmf-dist/tex/latex/latexconfig/hyperref.cfg
File: hyperref.cfg 2002/06/06 v1.2 hyperref configuration of TeXLive
)
Package hyperref Info: Hyper figures OFF on input line 4446.
Package hyperref Info: Link nesting OFF on input line 4451.
Package hyperref Info: Hyper index ON on input line 4454.
Package hyperref Info: Plain pages OFF on input line 4461.
Package hyperref Info: Backreferencing OFF on input line 4466.
Package hyperref Info: Implicit mode ON; LaTeX internals redefined.
Package hyperref Info: Bookmarks ON on input line 4691.
<<<<<<< Updated upstream
\c@Hy@tempcnt=\count177
=======
\c@Hy@tempcnt=\count174
>>>>>>> Stashed changes

(/usr/local/texlive/2016/texmf-dist/tex/latex/url/url.sty
\Urlmuskip=\muskip17
Package: url 2013/09/16  ver 3.4  Verb mode for urls, etc.
)
LaTeX Info: Redefining \url on input line 5044.
\XeTeXLinkMargin=\dimen186
<<<<<<< Updated upstream
\Fld@menulength=\count178
=======
\Fld@menulength=\count175
>>>>>>> Stashed changes
\Field@Width=\dimen187
\Fld@charsize=\dimen188
Package hyperref Info: Hyper figures OFF on input line 6298.
Package hyperref Info: Link nesting OFF on input line 6303.
Package hyperref Info: Hyper index ON on input line 6306.
Package hyperref Info: backreferencing OFF on input line 6313.
Package hyperref Info: Link coloring OFF on input line 6318.
Package hyperref Info: Link coloring with OCG OFF on input line 6323.
Package hyperref Info: PDF/A mode OFF on input line 6328.
LaTeX Info: Redefining \ref on input line 6368.
LaTeX Info: Redefining \pageref on input line 6372.
<<<<<<< Updated upstream
\Hy@abspage=\count179
\c@Item=\count180
\c@Hfootnote=\count181
=======
\Hy@abspage=\count176
\c@Item=\count177
\c@Hfootnote=\count178
>>>>>>> Stashed changes
)

Package hyperref Message: Driver (autodetected): hpdftex.

(/usr/local/texlive/2016/texmf-dist/tex/latex/hyperref/hpdftex.def
File: hpdftex.def 2016/05/05 v6.83n Hyperref driver for pdfTeX
<<<<<<< Updated upstream
\Fld@listcount=\count182
\c@bookmark@seq@number=\count183
=======
\Fld@listcount=\count179
\c@bookmark@seq@number=\count180
>>>>>>> Stashed changes

(/usr/local/texlive/2016/texmf-dist/tex/latex/oberdiek/rerunfilecheck.sty
Package: rerunfilecheck 2016/05/16 v1.8 Rerun checks for auxiliary files (HO)
Package uniquecounter Info: New unique counter `rerunfilecheck' on input line 2
82.
)
\Hy@SectionHShift=\skip84
)
(/usr/local/texlive/2016/texmf-dist/tex/latex/todonotes/todonotes.sty
Package: todonotes 2015/07/09 .dtx Todonotes source and documentation.
Package: todonotes 2012/07/25

(/usr/local/texlive/2016/texmf-dist/tex/latex/base/ifthen.sty
Package: ifthen 2014/09/29 v1.1c Standard LaTeX ifthen package (DPC)
)
(/usr/local/texlive/2016/texmf-dist/tex/latex/xkeyval/xkeyval.sty
Package: xkeyval 2014/12/03 v2.7a package option processing (HA)

(/usr/local/texlive/2016/texmf-dist/tex/generic/xkeyval/xkeyval.tex
(/usr/local/texlive/2016/texmf-dist/tex/generic/xkeyval/xkvutils.tex
\XKV@toks=\toks31
\XKV@tempa@toks=\toks32
)
<<<<<<< Updated upstream
\XKV@depth=\count184
=======
\XKV@depth=\count181
>>>>>>> Stashed changes
File: xkeyval.tex 2014/12/03 v2.7a key=value parser (HA)
))
(/usr/local/texlive/2016/texmf-dist/tex/latex/xcolor/xcolor.sty
Package: xcolor 2016/05/11 v2.12 LaTeX color extensions (UK)

(/usr/local/texlive/2016/texmf-dist/tex/latex/graphics-cfg/color.cfg
File: color.cfg 2016/01/02 v1.6 sample color configuration
)
Package xcolor Info: Driver file: pdftex.def on input line 225.
Package xcolor Info: Model `cmy' substituted by `cmy0' on input line 1348.
Package xcolor Info: Model `hsb' substituted by `rgb' on input line 1352.
Package xcolor Info: Model `RGB' extended on input line 1364.
Package xcolor Info: Model `HTML' substituted by `rgb' on input line 1366.
Package xcolor Info: Model `Hsb' substituted by `hsb' on input line 1367.
Package xcolor Info: Model `tHsb' substituted by `hsb' on input line 1368.
Package xcolor Info: Model `HSB' substituted by `hsb' on input line 1369.
Package xcolor Info: Model `Gray' substituted by `gray' on input line 1370.
Package xcolor Info: Model `wave' substituted by `hsb' on input line 1371.
)
(/usr/local/texlive/2016/texmf-dist/tex/latex/pgf/frontendlayer/tikz.sty
(/usr/local/texlive/2016/texmf-dist/tex/latex/pgf/basiclayer/pgf.sty
(/usr/local/texlive/2016/texmf-dist/tex/latex/pgf/utilities/pgfrcs.sty
(/usr/local/texlive/2016/texmf-dist/tex/generic/pgf/utilities/pgfutil-common.te
x
\pgfutil@everybye=\toks33
\pgfutil@tempdima=\dimen189
\pgfutil@tempdimb=\dimen190

(/usr/local/texlive/2016/texmf-dist/tex/generic/pgf/utilities/pgfutil-common-li
sts.tex))
(/usr/local/texlive/2016/texmf-dist/tex/generic/pgf/utilities/pgfutil-latex.def
\pgfutil@abb=\box56
(/usr/local/texlive/2016/texmf-dist/tex/latex/ms/everyshi.sty
Package: everyshi 2001/05/15 v3.00 EveryShipout Package (MS)
))
(/usr/local/texlive/2016/texmf-dist/tex/generic/pgf/utilities/pgfrcs.code.tex
Package: pgfrcs 2015/08/07 v3.0.1a (rcs-revision 1.31)
))
Package: pgf 2015/08/07 v3.0.1a (rcs-revision 1.15)
(/usr/local/texlive/2016/texmf-dist/tex/latex/pgf/basiclayer/pgfcore.sty
(/usr/local/texlive/2016/texmf-dist/tex/latex/pgf/systemlayer/pgfsys.sty
(/usr/local/texlive/2016/texmf-dist/tex/generic/pgf/systemlayer/pgfsys.code.tex
Package: pgfsys 2014/07/09 v3.0.1a (rcs-revision 1.48)
(/usr/local/texlive/2016/texmf-dist/tex/generic/pgf/utilities/pgfkeys.code.tex
\pgfkeys@pathtoks=\toks34
\pgfkeys@temptoks=\toks35

(/usr/local/texlive/2016/texmf-dist/tex/generic/pgf/utilities/pgfkeysfiltered.c
ode.tex
\pgfkeys@tmptoks=\toks36
))
\pgf@x=\dimen191
\pgf@y=\dimen192
\pgf@xa=\dimen193
\pgf@ya=\dimen194
\pgf@xb=\dimen195
\pgf@yb=\dimen196
\pgf@xc=\dimen197
\pgf@yc=\dimen198
\w@pgf@writea=\write4
\r@pgf@reada=\read2
<<<<<<< Updated upstream
\c@pgf@counta=\count185
\c@pgf@countb=\count186
\c@pgf@countc=\count187
\c@pgf@countd=\count188
=======
\c@pgf@counta=\count182
\c@pgf@countb=\count183
\c@pgf@countc=\count184
\c@pgf@countd=\count185
>>>>>>> Stashed changes
\t@pgf@toka=\toks37
\t@pgf@tokb=\toks38
\t@pgf@tokc=\toks39

(/usr/local/texlive/2016/texmf-dist/tex/generic/pgf/systemlayer/pgf.cfg
File: pgf.cfg 2008/05/14  (rcs-revision 1.7)
)
Driver file for pgf: pgfsys-pdftex.def

(/usr/local/texlive/2016/texmf-dist/tex/generic/pgf/systemlayer/pgfsys-pdftex.d
ef
File: pgfsys-pdftex.def 2014/10/11  (rcs-revision 1.35)

(/usr/local/texlive/2016/texmf-dist/tex/generic/pgf/systemlayer/pgfsys-common-p
df.def
File: pgfsys-common-pdf.def 2013/10/10  (rcs-revision 1.13)
)))
(/usr/local/texlive/2016/texmf-dist/tex/generic/pgf/systemlayer/pgfsyssoftpath.
code.tex
File: pgfsyssoftpath.code.tex 2013/09/09  (rcs-revision 1.9)
<<<<<<< Updated upstream
\pgfsyssoftpath@smallbuffer@items=\count189
\pgfsyssoftpath@bigbuffer@items=\count190
=======
\pgfsyssoftpath@smallbuffer@items=\count186
\pgfsyssoftpath@bigbuffer@items=\count187
>>>>>>> Stashed changes
)
(/usr/local/texlive/2016/texmf-dist/tex/generic/pgf/systemlayer/pgfsysprotocol.
code.tex
File: pgfsysprotocol.code.tex 2006/10/16  (rcs-revision 1.4)
))
(/usr/local/texlive/2016/texmf-dist/tex/generic/pgf/basiclayer/pgfcore.code.tex
Package: pgfcore 2010/04/11 v3.0.1a (rcs-revision 1.7)
(/usr/local/texlive/2016/texmf-dist/tex/generic/pgf/math/pgfmath.code.tex
(/usr/local/texlive/2016/texmf-dist/tex/generic/pgf/math/pgfmathcalc.code.tex
(/usr/local/texlive/2016/texmf-dist/tex/generic/pgf/math/pgfmathutil.code.tex)
(/usr/local/texlive/2016/texmf-dist/tex/generic/pgf/math/pgfmathparser.code.tex
\pgfmath@dimen=\dimen199
<<<<<<< Updated upstream
\pgfmath@count=\count191
=======
\pgfmath@count=\count188
>>>>>>> Stashed changes
\pgfmath@box=\box57
\pgfmath@toks=\toks40
\pgfmath@stack@operand=\toks41
\pgfmath@stack@operation=\toks42
)
(/usr/local/texlive/2016/texmf-dist/tex/generic/pgf/math/pgfmathfunctions.code.
tex
(/usr/local/texlive/2016/texmf-dist/tex/generic/pgf/math/pgfmathfunctions.basic
.code.tex)
(/usr/local/texlive/2016/texmf-dist/tex/generic/pgf/math/pgfmathfunctions.trigo
nometric.code.tex)
(/usr/local/texlive/2016/texmf-dist/tex/generic/pgf/math/pgfmathfunctions.rando
m.code.tex)
(/usr/local/texlive/2016/texmf-dist/tex/generic/pgf/math/pgfmathfunctions.compa
rison.code.tex)
(/usr/local/texlive/2016/texmf-dist/tex/generic/pgf/math/pgfmathfunctions.base.
code.tex)
(/usr/local/texlive/2016/texmf-dist/tex/generic/pgf/math/pgfmathfunctions.round
.code.tex)
(/usr/local/texlive/2016/texmf-dist/tex/generic/pgf/math/pgfmathfunctions.misc.
code.tex)
(/usr/local/texlive/2016/texmf-dist/tex/generic/pgf/math/pgfmathfunctions.integ
erarithmetics.code.tex)))
(/usr/local/texlive/2016/texmf-dist/tex/generic/pgf/math/pgfmathfloat.code.tex
<<<<<<< Updated upstream
\c@pgfmathroundto@lastzeros=\count192
=======
\c@pgfmathroundto@lastzeros=\count189
>>>>>>> Stashed changes
))
(/usr/local/texlive/2016/texmf-dist/tex/generic/pgf/basiclayer/pgfcorepoints.co
de.tex
File: pgfcorepoints.code.tex 2013/10/07  (rcs-revision 1.27)
\pgf@picminx=\dimen256
\pgf@picmaxx=\dimen257
\pgf@picminy=\dimen258
\pgf@picmaxy=\dimen259
\pgf@pathminx=\dimen260
\pgf@pathmaxx=\dimen261
\pgf@pathminy=\dimen262
\pgf@pathmaxy=\dimen263
\pgf@xx=\dimen264
\pgf@xy=\dimen265
\pgf@yx=\dimen266
\pgf@yy=\dimen267
\pgf@zx=\dimen268
\pgf@zy=\dimen269
)
(/usr/local/texlive/2016/texmf-dist/tex/generic/pgf/basiclayer/pgfcorepathconst
ruct.code.tex
File: pgfcorepathconstruct.code.tex 2013/10/07  (rcs-revision 1.29)
\pgf@path@lastx=\dimen270
\pgf@path@lasty=\dimen271
)
(/usr/local/texlive/2016/texmf-dist/tex/generic/pgf/basiclayer/pgfcorepathusage
.code.tex
File: pgfcorepathusage.code.tex 2014/11/02  (rcs-revision 1.24)
\pgf@shorten@end@additional=\dimen272
\pgf@shorten@start@additional=\dimen273
)
(/usr/local/texlive/2016/texmf-dist/tex/generic/pgf/basiclayer/pgfcorescopes.co
de.tex
File: pgfcorescopes.code.tex 2015/05/08  (rcs-revision 1.46)
\pgfpic=\box58
\pgf@hbox=\box59
\pgf@layerbox@main=\box60
<<<<<<< Updated upstream
\pgf@picture@serial@count=\count193
=======
\pgf@picture@serial@count=\count190
>>>>>>> Stashed changes
)
(/usr/local/texlive/2016/texmf-dist/tex/generic/pgf/basiclayer/pgfcoregraphicst
ate.code.tex
File: pgfcoregraphicstate.code.tex 2014/11/02  (rcs-revision 1.12)
\pgflinewidth=\dimen274
)
(/usr/local/texlive/2016/texmf-dist/tex/generic/pgf/basiclayer/pgfcoretransform
ations.code.tex
File: pgfcoretransformations.code.tex 2015/08/07  (rcs-revision 1.20)
\pgf@pt@x=\dimen275
\pgf@pt@y=\dimen276
\pgf@pt@temp=\dimen277
)
(/usr/local/texlive/2016/texmf-dist/tex/generic/pgf/basiclayer/pgfcorequick.cod
e.tex
File: pgfcorequick.code.tex 2008/10/09  (rcs-revision 1.3)
)
(/usr/local/texlive/2016/texmf-dist/tex/generic/pgf/basiclayer/pgfcoreobjects.c
ode.tex
File: pgfcoreobjects.code.tex 2006/10/11  (rcs-revision 1.2)
)
(/usr/local/texlive/2016/texmf-dist/tex/generic/pgf/basiclayer/pgfcorepathproce
ssing.code.tex
File: pgfcorepathprocessing.code.tex 2013/09/09  (rcs-revision 1.9)
)
(/usr/local/texlive/2016/texmf-dist/tex/generic/pgf/basiclayer/pgfcorearrows.co
de.tex
File: pgfcorearrows.code.tex 2015/05/14  (rcs-revision 1.43)
\pgfarrowsep=\dimen278
)
(/usr/local/texlive/2016/texmf-dist/tex/generic/pgf/basiclayer/pgfcoreshade.cod
e.tex
File: pgfcoreshade.code.tex 2013/07/15  (rcs-revision 1.15)
\pgf@max=\dimen279
<<<<<<< Updated upstream
\pgf@sys@shading@range@num=\count194
=======
\pgf@sys@shading@range@num=\count191
>>>>>>> Stashed changes
)
(/usr/local/texlive/2016/texmf-dist/tex/generic/pgf/basiclayer/pgfcoreimage.cod
e.tex
File: pgfcoreimage.code.tex 2013/07/15  (rcs-revision 1.18)

(/usr/local/texlive/2016/texmf-dist/tex/generic/pgf/basiclayer/pgfcoreexternal.
code.tex
File: pgfcoreexternal.code.tex 2014/07/09  (rcs-revision 1.21)
\pgfexternal@startupbox=\box61
))
(/usr/local/texlive/2016/texmf-dist/tex/generic/pgf/basiclayer/pgfcorelayers.co
de.tex
File: pgfcorelayers.code.tex 2013/07/18  (rcs-revision 1.7)
)
(/usr/local/texlive/2016/texmf-dist/tex/generic/pgf/basiclayer/pgfcoretranspare
ncy.code.tex
File: pgfcoretransparency.code.tex 2013/09/30  (rcs-revision 1.5)
)
(/usr/local/texlive/2016/texmf-dist/tex/generic/pgf/basiclayer/pgfcorepatterns.
code.tex
File: pgfcorepatterns.code.tex 2013/11/07  (rcs-revision 1.5)
)))
(/usr/local/texlive/2016/texmf-dist/tex/generic/pgf/modules/pgfmoduleshapes.cod
e.tex
File: pgfmoduleshapes.code.tex 2014/03/21  (rcs-revision 1.35)
\pgfnodeparttextbox=\box62
)
(/usr/local/texlive/2016/texmf-dist/tex/generic/pgf/modules/pgfmoduleplot.code.
tex
File: pgfmoduleplot.code.tex 2015/08/03  (rcs-revision 1.13)
)
(/usr/local/texlive/2016/texmf-dist/tex/latex/pgf/compatibility/pgfcomp-version
-0-65.sty
Package: pgfcomp-version-0-65 2007/07/03 v3.0.1a (rcs-revision 1.7)
\pgf@nodesepstart=\dimen280
\pgf@nodesepend=\dimen281
)
(/usr/local/texlive/2016/texmf-dist/tex/latex/pgf/compatibility/pgfcomp-version
-1-18.sty
Package: pgfcomp-version-1-18 2007/07/23 v3.0.1a (rcs-revision 1.1)
))
(/usr/local/texlive/2016/texmf-dist/tex/latex/pgf/utilities/pgffor.sty
(/usr/local/texlive/2016/texmf-dist/tex/latex/pgf/utilities/pgfkeys.sty
(/usr/local/texlive/2016/texmf-dist/tex/generic/pgf/utilities/pgfkeys.code.tex)
) (/usr/local/texlive/2016/texmf-dist/tex/latex/pgf/math/pgfmath.sty
(/usr/local/texlive/2016/texmf-dist/tex/generic/pgf/math/pgfmath.code.tex))
(/usr/local/texlive/2016/texmf-dist/tex/generic/pgf/utilities/pgffor.code.tex
Package: pgffor 2013/12/13 v3.0.1a (rcs-revision 1.25)

(/usr/local/texlive/2016/texmf-dist/tex/generic/pgf/math/pgfmath.code.tex)
\pgffor@iter=\dimen282
\pgffor@skip=\dimen283
\pgffor@stack=\toks43
\pgffor@toks=\toks44
))
(/usr/local/texlive/2016/texmf-dist/tex/generic/pgf/frontendlayer/tikz/tikz.cod
e.tex
Package: tikz 2015/08/07 v3.0.1a (rcs-revision 1.151)

(/usr/local/texlive/2016/texmf-dist/tex/generic/pgf/libraries/pgflibraryplothan
dlers.code.tex
File: pgflibraryplothandlers.code.tex 2013/08/31 v3.0.1a (rcs-revision 1.20)
<<<<<<< Updated upstream
\pgf@plot@mark@count=\count195
=======
\pgf@plot@mark@count=\count192
>>>>>>> Stashed changes
\pgfplotmarksize=\dimen284
)
\tikz@lastx=\dimen285
\tikz@lasty=\dimen286
\tikz@lastxsaved=\dimen287
\tikz@lastysaved=\dimen288
\tikzleveldistance=\dimen289
\tikzsiblingdistance=\dimen290
\tikz@figbox=\box63
\tikz@figbox@bg=\box64
\tikz@tempbox=\box65
\tikz@tempbox@bg=\box66
<<<<<<< Updated upstream
\tikztreelevel=\count196
\tikznumberofchildren=\count197
\tikznumberofcurrentchild=\count198
\tikz@fig@count=\count199
=======
\tikztreelevel=\count193
\tikznumberofchildren=\count194
\tikznumberofcurrentchild=\count195
\tikz@fig@count=\count196
>>>>>>> Stashed changes

(/usr/local/texlive/2016/texmf-dist/tex/generic/pgf/modules/pgfmodulematrix.cod
e.tex
File: pgfmodulematrix.code.tex 2013/09/17  (rcs-revision 1.8)
<<<<<<< Updated upstream
\pgfmatrixcurrentrow=\count266
\pgfmatrixcurrentcolumn=\count267
\pgf@matrix@numberofcolumns=\count268
)
\tikz@expandcount=\count269
=======
\pgfmatrixcurrentrow=\count197
\pgfmatrixcurrentcolumn=\count198
\pgf@matrix@numberofcolumns=\count199
)
\tikz@expandcount=\count266
>>>>>>> Stashed changes

(/usr/local/texlive/2016/texmf-dist/tex/generic/pgf/frontendlayer/tikz/librarie
s/tikzlibrarytopaths.code.tex
File: tikzlibrarytopaths.code.tex 2008/06/17 v3.0.1a (rcs-revision 1.2)
)))
(/usr/local/texlive/2016/texmf-dist/tex/generic/pgf/frontendlayer/tikz/librarie
s/tikzlibrarypositioning.code.tex
File: tikzlibrarypositioning.code.tex 2008/10/06 v3.0.1a (rcs-revision 1.7)
)
(/usr/local/texlive/2016/texmf-dist/tex/latex/tools/calc.sty
Package: calc 2014/10/28 v4.3 Infix arithmetic (KKT,FJ)
<<<<<<< Updated upstream
\calc@Acount=\count270
\calc@Bcount=\count271
=======
\calc@Acount=\count267
\calc@Bcount=\count268
>>>>>>> Stashed changes
\calc@Adimen=\dimen291
\calc@Bdimen=\dimen292
\calc@Askip=\skip85
\calc@Bskip=\skip86
LaTeX Info: Redefining \setlength on input line 80.
LaTeX Info: Redefining \addtolength on input line 81.
<<<<<<< Updated upstream
\calc@Ccount=\count272
\calc@Cskip=\skip87
)
\c@@todonotes@numberoftodonotes=\count273
=======
\calc@Ccount=\count269
\calc@Cskip=\skip87
)
\c@@todonotes@numberoftodonotes=\count270
>>>>>>> Stashed changes
)
(/usr/local/texlive/2016/texmf-dist/tex/latex/proba/proba.sty
Package: proba 2003/05/31 The Probability package
LaTeX Info: Redefining \H on input line 36.
LaTeX Info: Redefining \L on input line 40.
LaTeX Info: Redefining \O on input line 43.
LaTeX Info: Redefining \P on input line 44.
LaTeX Info: Redefining \S on input line 47.
)
(/usr/local/texlive/2016/texmf-dist/tex/latex/cleveref/cleveref.sty
Package: cleveref 2013/12/28 v0.19 Intelligent cross-referencing
Package cleveref Info: `hyperref' support loaded on input line 2230.
LaTeX Info: Redefining \cref on input line 2230.
LaTeX Info: Redefining \Cref on input line 2230.
LaTeX Info: Redefining \crefrange on input line 2230.
LaTeX Info: Redefining \Crefrange on input line 2230.
LaTeX Info: Redefining \cpageref on input line 2230.
LaTeX Info: Redefining \Cpageref on input line 2230.
LaTeX Info: Redefining \cpagerefrange on input line 2230.
LaTeX Info: Redefining \Cpagerefrange on input line 2230.
LaTeX Info: Redefining \labelcref on input line 2230.
LaTeX Info: Redefining \labelcpageref on input line 2230.
Package cleveref Info: `amsthm' support loaded on input line 2858.
Package cleveref Info: `subfig' support loaded on input line 2983.
Package cleveref Info: sorting and compressing references on input line 7493.
)
(/usr/local/texlive/2016/texmf-dist/tex/latex/booktabs/booktabs.sty
Package: booktabs 2016/04/27 v1.618033 publication quality tables
\heavyrulewidth=\dimen293
\lightrulewidth=\dimen294
\cmidrulewidth=\dimen295
\belowrulesep=\dimen296
\belowbottomsep=\dimen297
\aboverulesep=\dimen298
\abovetopsep=\dimen299
\cmidrulesep=\dimen300
\cmidrulekern=\dimen301
\defaultaddspace=\dimen302
<<<<<<< Updated upstream
\@cmidla=\count274
\@cmidlb=\count275
\@aboverulesep=\dimen303
\@belowrulesep=\dimen304
\@thisruleclass=\count276
\@lastruleclass=\count277
\@thisrulewidth=\dimen305
)
\c@definition=\count278
\c@theorem=\count279
\c@corollary=\count280
\c@assumption=\count281
LaTeX Info: Redefining \1 on input line 29.
=======
\@cmidla=\count271
\@cmidlb=\count272
\@aboverulesep=\dimen303
\@belowrulesep=\dimen304
\@thisruleclass=\count273
\@lastruleclass=\count274
\@thisrulewidth=\dimen305
)
\c@definition=\count275
\c@theorem=\count276
\c@corollary=\count277
\c@assumption=\count278
LaTeX Info: Redefining \1 on input line 28.
>>>>>>> Stashed changes

(./multi_host_SI_sde.aux

LaTeX Warning: Label `lem.marting' multiply defined.


LaTeX Warning: Label `lem.marting@cref' multiply defined.

)
\openout1 = `multi_host_SI_sde.aux'.

<<<<<<< Updated upstream
LaTeX Font Info:    Checking defaults for OML/cmm/m/it on input line 33.
LaTeX Font Info:    ... okay on input line 33.
LaTeX Font Info:    Checking defaults for T1/cmr/m/n on input line 33.
LaTeX Font Info:    ... okay on input line 33.
LaTeX Font Info:    Checking defaults for OT1/cmr/m/n on input line 33.
LaTeX Font Info:    ... okay on input line 33.
LaTeX Font Info:    Checking defaults for OMS/cmsy/m/n on input line 33.
LaTeX Font Info:    ... okay on input line 33.
LaTeX Font Info:    Checking defaults for OMX/cmex/m/n on input line 33.
LaTeX Font Info:    ... okay on input line 33.
LaTeX Font Info:    Checking defaults for U/cmr/m/n on input line 33.
LaTeX Font Info:    ... okay on input line 33.
LaTeX Font Info:    Checking defaults for TS1/cmr/m/n on input line 33.
LaTeX Font Info:    Try loading font information for TS1+cmr on input line 33.
=======
LaTeX Font Info:    Checking defaults for OML/cmm/m/it on input line 32.
LaTeX Font Info:    ... okay on input line 32.
LaTeX Font Info:    Checking defaults for T1/cmr/m/n on input line 32.
LaTeX Font Info:    ... okay on input line 32.
LaTeX Font Info:    Checking defaults for OT1/cmr/m/n on input line 32.
LaTeX Font Info:    ... okay on input line 32.
LaTeX Font Info:    Checking defaults for OMS/cmsy/m/n on input line 32.
LaTeX Font Info:    ... okay on input line 32.
LaTeX Font Info:    Checking defaults for OMX/cmex/m/n on input line 32.
LaTeX Font Info:    ... okay on input line 32.
LaTeX Font Info:    Checking defaults for U/cmr/m/n on input line 32.
LaTeX Font Info:    ... okay on input line 32.
LaTeX Font Info:    Checking defaults for TS1/cmr/m/n on input line 32.
LaTeX Font Info:    Try loading font information for TS1+cmr on input line 32.
>>>>>>> Stashed changes
 (/usr/local/texlive/2016/texmf-dist/tex/latex/base/ts1cmr.fd
File: ts1cmr.fd 2014/09/29 v2.5h Standard LaTeX font definitions
)
LaTeX Font Info:    ... okay on input line 33.
LaTeX Font Info:    Checking defaults for PD1/pdf/m/n on input line 33.
LaTeX Font Info:    ... okay on input line 33.

(/usr/local/texlive/2016/texmf-dist/tex/context/base/mkii/supp-pdf.mkii
[Loading MPS to PDF converter (version 2006.09.02).]
<<<<<<< Updated upstream
\scratchcounter=\count282
\scratchdimen=\dimen306
\scratchbox=\box67
\nofMPsegments=\count283
\nofMParguments=\count284
\everyMPshowfont=\toks45
\MPscratchCnt=\count285
\MPscratchDim=\dimen307
\MPnumerator=\count286
\makeMPintoPDFobject=\count287
=======
\scratchcounter=\count279
\scratchdimen=\dimen306
\scratchbox=\box67
\nofMPsegments=\count280
\nofMParguments=\count281
\everyMPshowfont=\toks45
\MPscratchCnt=\count282
\MPscratchDim=\dimen307
\MPnumerator=\count283
\makeMPintoPDFobject=\count284
>>>>>>> Stashed changes
\everyMPtoPDFconversion=\toks46
) (/usr/local/texlive/2016/texmf-dist/tex/latex/oberdiek/epstopdf-base.sty
Package: epstopdf-base 2016/05/15 v2.6 Base part for package epstopdf

(/usr/local/texlive/2016/texmf-dist/tex/latex/oberdiek/grfext.sty
Package: grfext 2016/05/16 v1.2 Manage graphics extensions (HO)
)
Package grfext Info: Graphics extension search list:
(grfext)             [.png,.pdf,.jpg,.mps,.jpeg,.jbig2,.jb2,.PNG,.PDF,.JPG,.JPE
G,.JBIG2,.JB2,.eps]
(grfext)             \AppendGraphicsExtensions on input line 456.

(/usr/local/texlive/2016/texmf-dist/tex/latex/latexconfig/epstopdf-sys.cfg
File: epstopdf-sys.cfg 2010/07/13 v1.3 Configuration of (r)epstopdf for TeX Liv
e
))
*geometry* driver: auto-detecting
*geometry* detected driver: pdftex
*geometry* verbose mode - [ preamble ] result:
* driver: pdftex
* paper: custom
* layout: <same size as paper>
* layoutoffset:(h,v)=(0.0pt,0.0pt)
* hratio: 1:1
* vratio: 1:1
* modes: 
* h-part:(L,W,R)=(64.75394pt, 468.0pt, 64.75394pt)
* v-part:(T,H,B)=(111.52342pt, 622.0pt, 111.52342pt)
* \paperwidth=597.50787pt
* \paperheight=845.04684pt
* \textwidth=468.0pt
* \textheight=622.0pt
* \oddsidemargin=-7.51605pt
* \evensidemargin=-7.51605pt
* \topmargin=-22.74657pt
* \headheight=50.0pt
* \headsep=12.0pt
* \topskip=10.0pt
* \footskip=18.0pt
* \marginparwidth=65.0pt
* \marginparsep=11.0pt
* \columnsep=24.0pt
* \skip\footins=24.0pt plus 2.0pt minus 12.0pt
* \hoffset=0.0pt
* \voffset=0.0pt
* \mag=1000
* \@twocolumnfalse
* \@twosidefalse
* \@mparswitchfalse
* \@reversemarginfalse
* (1in=72.27pt=25.4mm, 1cm=28.453pt)

ABD: EverySelectfont initializing macros
LaTeX Info: Redefining \selectfont on input line 33.
Package caption Info: Begin \AtBeginDocument code.
Package caption Info: subfig package v1.3 is loaded.
Package caption Info: hyperref package is loaded.
Package caption Info: End \AtBeginDocument code.

(/usr/local/texlive/2016/texmf-dist/tex/latex/beamer/translator/dicts/translato
r-basic-dictionary/translator-basic-dictionary-English.dict
Dictionary: translator-basic-dictionary, Language: English 
)
(/usr/local/texlive/2016/texmf-dist/tex/latex/siunitx/siunitx-abbreviations.cfg
File: siunitx-abbreviations.cfg 2016/03/01 v2.6q siunitx: Abbreviated units
)
\AtBeginShipoutBox=\box68
<<<<<<< Updated upstream
Package hyperref Info: Link coloring OFF on input line 33.
=======
Package hyperref Info: Link coloring OFF on input line 32.
>>>>>>> Stashed changes
 (/usr/local/texlive/2016/texmf-dist/tex/latex/hyperref/nameref.sty
Package: nameref 2012/10/27 v2.43 Cross-referencing by name of section

(/usr/local/texlive/2016/texmf-dist/tex/generic/oberdiek/gettitlestring.sty
Package: gettitlestring 2016/05/16 v1.5 Cleanup title references (HO)
)
<<<<<<< Updated upstream
\c@section@level=\count288
=======
\c@section@level=\count285
>>>>>>> Stashed changes
)
LaTeX Info: Redefining \ref on input line 33.
LaTeX Info: Redefining \pageref on input line 33.
LaTeX Info: Redefining \nameref on input line 33.

(./multi_host_SI_sde.out) (./multi_host_SI_sde.out)
\@outlinefile=\write5
\openout5 = `multi_host_SI_sde.out'.


ABD: EveryShipout initializing macros
<<<<<<< Updated upstream
\c__siunitx_mathsf_int=\count289
LaTeX Font Info:    Try loading font information for U+msa on input line 33.
=======
\c__siunitx_mathsf_int=\count286
LaTeX Font Info:    Try loading font information for U+msa on input line 32.
>>>>>>> Stashed changes

(/usr/local/texlive/2016/texmf-dist/tex/latex/amsfonts/umsa.fd
File: umsa.fd 2013/01/14 v3.01 AMS symbols A
)
LaTeX Font Info:    Try loading font information for U+msb on input line 33.

(/usr/local/texlive/2016/texmf-dist/tex/latex/amsfonts/umsb.fd
File: umsb.fd 2013/01/14 v3.01 AMS symbols B
)
<<<<<<< Updated upstream
\c__siunitx_mathtt_int=\count290
=======
\c__siunitx_mathtt_int=\count287
>>>>>>> Stashed changes

(./Sections/Frontmatter/abstract.tex) (./Sections/Section1/Introduction.tex
Package hyperref Info: bookmark level for unknown todo defaults to 0 on input l
ine 17.

<<<<<<< Updated upstream
Overfull \hbox (0.97237pt too wide) in paragraph at lines 17--17
\OT1/cmr/m/n/10 tratamiento).  
 []


Overfull \hbox (0.97237pt too wide) in paragraph at lines 17--17
\OT1/cmr/m/n/10 tratamiento).  
 []
=======
{/usr/local/texlive/2016/texmf-var/fonts/map/pdftex/updmap/pdftex.map}])
>>>>>>> Stashed changes


Overfull \hbox (0.97237pt too wide) in paragraph at lines 17--17
\OT1/cmr/m/n/10 tratamiento).  
 []


Overfull \hbox (0.97237pt too wide) in paragraph at lines 17--17
\OT1/cmr/m/n/10 tratamiento).  
 []

[1

{/usr/local/texlive/2016/texmf-var/fonts/map/pdftex/updmap/pdftex.map}])
(./Sections/Section2/DeterministicModel.tex
(./Sections/Section2/model_parameters_table.tex)) [2]
(./Sections/Section2/StochasticExtension.tex
Overfull \hbox (3.02551pt too wide) in paragraph at lines 10--19
\OT1/cmr/m/n/10 where $\OML/cmm/m/it/10 W[]$ \OT1/cmr/m/n/10 are in-de-pen-dent
 Wiener pro-cesses de-fined on a fil-tered com-plete prob-a-bil-ity space $\OMX
/MnSymbolE/m/n/10 \OT1/cmr/m/n/10 
\OML/cmm/m/it/10 ; \OMS/MnSymbolS/m/n/10 F\OML/cmm/m/it/10 ; \OMX/MnSymbolE/m/n
/10 \OMS/MnSymbolS/m/n/10 F[]\OMX/MnSymbolE/m/n/10 []\OML/cmm/m/it/10 ; \U/ms
b/m/n/10 P\OMX/MnSymbolE/m/n/10 $\OT1/cmr/m/n/10 ,
 []

) (./Sections/Section2/Regularity.tex [3]
Overfull \hbox (7.86887pt too wide) in paragraph at lines 17--28
[]\OT1/cmr/m/n/10 Let $\OML/cmm/m/it/10 X\OMX/MnSymbolE/m/n/10 \OML/cmm/m/it/1
0 t\OMX/MnSymbolE/m/n/10  \U/MnSymbolD/m/n/10 ^^@ \OMX/MnSymbolE/m/n/10 \OML/
cmm/m/it/10 I[]\OMX/MnSymbolE/m/n/10 \OML/cmm/m/it/10 t\OMX/MnSymbolE/m/n/10 
\OML/cmm/m/it/10 ; I[]\OMX/MnSymbolE/m/n/10 \OML/cmm/m/it/10 t\OMX/MnSymbolE/m
/n/10 \OML/cmm/m/it/10 ; S[]\OMX/MnSymbolE/m/n/10 \OML/cmm/m/it/10 t\OMX/MnSy
mbolE/m/n/10 \OML/cmm/m/it/10 ; I[]\OMX/MnSymbolE/m/n/10 \OML/cmm/m/it/10 t\O
MX/MnSymbolE/m/n/10 $\OT1/cmr/m/n/10 , $\OML/cmm/m/it/10 F[] \U/MnSymbolD/m/n
/10 ^^@ \OML/cmm/m/it/10 F[] []$\OT1/cmr/m/n/10 , $\OML/cmm/m/it/10 F[] \U/MnSy
mbolD/m/n/10 ^^@ \OML/cmm/m/it/10 F[] []$\OT1/cmr/m/n/10 .
 []


Underfull \hbox (badness 10000) in paragraph at lines 47--54

 []

<<<<<<< Updated upstream
[4] [5]
Overfull \hbox (2.89787pt too wide) in paragraph at lines 645--704
\OT1/cmr/m/n/10 Next we prove that $\OMX/MnSymbolE/m/n/10 \OML/cmm/m/it/10 I[]
\OMX/MnSymbolE/m/n/10 \OML/cmm/m/it/10 t\OMX/MnSymbolE/m/n/10 \OML/cmm/m/it/1
0 ; I[]\OMX/MnSymbolE/m/n/10 \OML/cmm/m/it/10 t\OMX/MnSymbolE/m/n/10 \OML/cmm
/m/it/10 ; S[]\OMX/MnSymbolE/m/n/10 \OML/cmm/m/it/10 t\OMX/MnSymbolE/m/n/10 \
OML/cmm/m/it/10 ; I[]\OMX/MnSymbolE/m/n/10 \OML/cmm/m/it/10 t\OMX/MnSymbolE/m/
n/10 $ \OT1/cmr/m/n/10 re-mains in $[]$. Let $\OML/cmm/m/it/10 W [] \U/MnSymb
olD/m/n/10 ^^@ \OML/cmm/m/it/10 e[]V []$
 []
=======
[3] [4] [5]
LaTeX Font Info:    Try loading font information for U+bbm on input line 821.
 (/usr/local/texlive/2016/texmf-dist/tex/latex/bbm-macros/ubbm.fd
File: ubbm.fd 1999/03/15 V 1.2 Font definition for bbm font - TH
)
[6]) (./Sections/Section3/DiseaseFreeFixedPointStability.tex

Package hyperref Warning: No autoref name for `definition' on input line 11.
>>>>>>> Stashed changes

[6]
LaTeX Font Info:    Try loading font information for U+bbm on input line 819.
 (/usr/local/texlive/2016/texmf-dist/tex/latex/bbm-macros/ubbm.fd
File: ubbm.fd 1999/03/15 V 1.2 Font definition for bbm font - TH
) [7])
(./Sections/Section3/DiseaseFreeFixedPointStability.tex

Package hyperref Warning: No autoref name for `definition' on input line 20.

[8]

LaTeX Warning: Marginpar on page 9 moved.

) (./Sections/Section3/Persistence.tex [9] [10pdfTeX warning (ext4): destinatio
n with the same identifier (name{theorem.4.1}) has been already used, duplicate
 ignored

\AtBegShi@Output ...ipout \box \AtBeginShipoutBox 
                                                  \fi \fi 
l.451 	\end{align*}
                   ]) [11] (./Sections/Section4/Numerical_Results.tex)
(./Sections/Section4/free_disease_numerics.tex
(./Sections/Section4/free_disease_parameters_table.tex)
Package epstopdf Info: Source file: <Sections/Section4/graphs/disease_free/dise
ase_free_infected_humans.eps>
<<<<<<< Updated upstream
(epstopdf)                    date: 2017-06-30 12:52:34
(epstopdf)                    size: 79039 bytes
(epstopdf)             Output file: <Sections/Section4/graphs/disease_free/dise
ase_free_infected_humans-eps-converted-to.pdf>
(epstopdf)                    date: 2017-06-30 12:53:26
(epstopdf)                    size: 21622 bytes
(epstopdf)             Command: <repstopdf --outfile=Sections/Section4/graphs/d
isease_free/disease_free_infected_humans-eps-converted-to.pdf Sections/Section4
/graphs/disease_free/disease_free_infected_humans.eps>
(epstopdf)             \includegraphics on input line 41.
=======
(epstopdf)                    date: 2017-06-06 06:57:53
(epstopdf)                    size: 79685 bytes
(epstopdf)             Output file: <Sections/Section4/graphs/disease_free/dise
ase_free_infected_humans-eps-converted-to.pdf>
(epstopdf)                    date: 2017-06-06 06:57:53
(epstopdf)                    size: 18994 bytes
(epstopdf)             Command: <repstopdf --outfile=Sections/Section4/graphs/d
isease_free/disease_free_infected_humans-eps-converted-to.pdf Sections/Section4
/graphs/disease_free/disease_free_infected_humans.eps>
(epstopdf)             \includegraphics on input line 197.
>>>>>>> Stashed changes
Package epstopdf Info: Output file is already uptodate.

<Sections/Section4/graphs/disease_free/disease_free_infected_humans-eps-convert
ed-to.pdf, id=262, 198.7425pt x 122.4575pt>
File: Sections/Section4/graphs/disease_free/disease_free_infected_humans-eps-co
nverted-to.pdf Graphic file (type pdf)

<use Sections/Section4/graphs/disease_free/disease_free_infected_humans-eps-con
verted-to.pdf>
Package pdftex.def Info: Sections/Section4/graphs/disease_free/disease_free_inf
<<<<<<< Updated upstream
ected_humans-eps-converted-to.pdf used on input line 41.
(pdftex.def)             Requested size: 198.742pt x 122.45718pt.
Package epstopdf Info: Source file: <Sections/Section4/graphs/disease_free/dise
ase_free_infected_vectors.eps>
(epstopdf)                    date: 2017-06-30 12:54:16
(epstopdf)                    size: 77875 bytes
(epstopdf)             Output file: <Sections/Section4/graphs/disease_free/dise
ase_free_infected_vectors-eps-converted-to.pdf>
(epstopdf)                    date: 2017-06-30 12:54:42
(epstopdf)                    size: 16737 bytes
(epstopdf)             Command: <repstopdf --outfile=Sections/Section4/graphs/d
isease_free/disease_free_infected_vectors-eps-converted-to.pdf Sections/Section
4/graphs/disease_free/disease_free_infected_vectors.eps>
(epstopdf)             \includegraphics on input line 47.
=======
ected_humans-eps-converted-to.pdf used on input line 197.
(pdftex.def)             Requested size: 198.742pt x 122.45718pt.
Package epstopdf Info: Source file: <Sections/Section4/graphs/disease_free/dise
ase_free_infected_vectors.eps>
(epstopdf)                    date: 2017-06-06 06:57:53
(epstopdf)                    size: 79793 bytes
(epstopdf)             Output file: <Sections/Section4/graphs/disease_free/dise
ase_free_infected_vectors-eps-converted-to.pdf>
(epstopdf)                    date: 2017-06-06 06:57:53
(epstopdf)                    size: 15124 bytes
(epstopdf)             Command: <repstopdf --outfile=Sections/Section4/graphs/d
isease_free/disease_free_infected_vectors-eps-converted-to.pdf Sections/Section
4/graphs/disease_free/disease_free_infected_vectors.eps>
(epstopdf)             \includegraphics on input line 201.
>>>>>>> Stashed changes
Package epstopdf Info: Output file is already uptodate.

<Sections/Section4/graphs/disease_free/disease_free_infected_vectors-eps-conver
ted-to.pdf, id=263, 198.7425pt x 122.4575pt>
File: Sections/Section4/graphs/disease_free/disease_free_infected_vectors-eps-c
onverted-to.pdf Graphic file (type pdf)

<use Sections/Section4/graphs/disease_free/disease_free_infected_vectors-eps-co
nverted-to.pdf>
Package pdftex.def Info: Sections/Section4/graphs/disease_free/disease_free_inf
<<<<<<< Updated upstream
ected_vectors-eps-converted-to.pdf used on input line 47.
=======
ected_vectors-eps-converted-to.pdf used on input line 201.
>>>>>>> Stashed changes
(pdftex.def)             Requested size: 198.742pt x 122.45718pt.
Package epstopdf Info: Source file: <Sections/Section4/graphs/disease_free/dise
ase_free_mean_population.eps>
(epstopdf)                    date: 2017-06-10 11:00:01
(epstopdf)                    size: 132070 bytes
(epstopdf)             Output file: <Sections/Section4/graphs/disease_free/dise
ase_free_mean_population-eps-converted-to.pdf>
(epstopdf)                    date: 2017-06-11 13:02:46
(epstopdf)                    size: 18237 bytes
(epstopdf)             Command: <repstopdf --outfile=Sections/Section4/graphs/d
isease_free/disease_free_mean_population-eps-converted-to.pdf Sections/Section4
/graphs/disease_free/disease_free_mean_population.eps>
<<<<<<< Updated upstream
(epstopdf)             \includegraphics on input line 65.
=======
(epstopdf)             \includegraphics on input line 208.
>>>>>>> Stashed changes
Package epstopdf Info: Output file is already uptodate.

<Sections/Section4/graphs/disease_free/disease_free_mean_population-eps-convert
ed-to.pdf, id=270, 397.485pt x 113.42375pt>
File: Sections/Section4/graphs/disease_free/disease_free_mean_population-eps-co
nverted-to.pdf Graphic file (type pdf)

<use Sections/Section4/graphs/disease_free/disease_free_mean_population-eps-con
verted-to.pdf>
Package pdftex.def Info: Sections/Section4/graphs/disease_free/disease_free_mea
<<<<<<< Updated upstream
n_population-eps-converted-to.pdf used on input line 65.
=======
n_population-eps-converted-to.pdf used on input line 208.
>>>>>>> Stashed changes
(pdftex.def)             Requested size: 397.48402pt x 113.42346pt.
 [12]
Package epstopdf Info: Source file: <Sections/Section4/graphs/disease_free/dise
ase_free_variance_population.eps>
(epstopdf)                    date: 2017-06-10 11:00:01
(epstopdf)                    size: 81233 bytes
(epstopdf)             Output file: <Sections/Section4/graphs/disease_free/dise
ase_free_variance_population-eps-converted-to.pdf>
(epstopdf)                    date: 2017-06-11 13:02:47
(epstopdf)                    size: 16987 bytes
(epstopdf)             Command: <repstopdf --outfile=Sections/Section4/graphs/d
isease_free/disease_free_variance_population-eps-converted-to.pdf Sections/Sect
ion4/graphs/disease_free/disease_free_variance_population.eps>
<<<<<<< Updated upstream
(epstopdf)             \includegraphics on input line 77.
=======
(epstopdf)             \includegraphics on input line 215.
>>>>>>> Stashed changes
Package epstopdf Info: Output file is already uptodate.

<Sections/Section4/graphs/disease_free/disease_free_variance_population-eps-con
verted-to.pdf, id=287, 397.485pt x 99.37125pt>
File: Sections/Section4/graphs/disease_free/disease_free_variance_population-ep
s-converted-to.pdf Graphic file (type pdf)

<use Sections/Section4/graphs/disease_free/disease_free_variance_population-eps
-converted-to.pdf>
Package pdftex.def Info: Sections/Section4/graphs/disease_free/disease_free_var
<<<<<<< Updated upstream
iance_population-eps-converted-to.pdf used on input line 77.
=======
iance_population-eps-converted-to.pdf used on input line 215.
>>>>>>> Stashed changes
(pdftex.def)             Requested size: 397.48402pt x 99.371pt.
Package epstopdf Info: Source file: <Sections/Section4/graphs/disease_free/stop
ping_time_histograms.eps>
(epstopdf)                    date: 2017-06-24 09:10:55
(epstopdf)                    size: 120593 bytes
(epstopdf)             Output file: <Sections/Section4/graphs/disease_free/stop
ping_time_histograms-eps-converted-to.pdf>
(epstopdf)                    date: 2017-06-24 09:11:17
(epstopdf)                    size: 13178 bytes
(epstopdf)             Command: <repstopdf --outfile=Sections/Section4/graphs/d
isease_free/stopping_time_histograms-eps-converted-to.pdf Sections/Section4/gra
phs/disease_free/stopping_time_histograms.eps>
(epstopdf)             \includegraphics on input line 92.
Package epstopdf Info: Output file is already uptodate.

<Sections/Section4/graphs/disease_free/stopping_time_histograms-eps-converted-t
o.pdf, id=290, 342.27875pt x 208.78pt>
File: Sections/Section4/graphs/disease_free/stopping_time_histograms-eps-conver
ted-to.pdf Graphic file (type pdf)

<use Sections/Section4/graphs/disease_free/stopping_time_histograms-eps-convert
ed-to.pdf>
Package pdftex.def Info: Sections/Section4/graphs/disease_free/stopping_time_hi
stograms-eps-converted-to.pdf used on input line 92.
(pdftex.def)             Requested size: 342.2779pt x 208.77946pt.
) (./Sections/Section4/persistence_numerics.tex
(./Sections/Section4/persistence_parameters_table.tex
Overfull \hbox (3.05312pt too wide) in paragraph at lines 5--79
 [][] 
 []

)

<<<<<<< Updated upstream
LaTeX Warning: Marginpar on page 13 moved.

Package epstopdf Info: Source file: <Sections/Section4/graphs/persistence/persi
stence_infected_humans.eps>
(epstopdf)                    date: 2017-06-30 13:11:13
(epstopdf)                    size: 73487 bytes
(epstopdf)             Output file: <Sections/Section4/graphs/persistence/persi
stence_infected_humans-eps-converted-to.pdf>
(epstopdf)                    date: 2017-06-30 13:12:35
(epstopdf)                    size: 20155 bytes
(epstopdf)             Command: <repstopdf --outfile=Sections/Section4/graphs/p
ersistence/persistence_infected_humans-eps-converted-to.pdf Sections/Section4/g
raphs/persistence/persistence_infected_humans.eps>
(epstopdf)             \includegraphics on input line 30.
Package epstopdf Info: Output file is already uptodate.

<Sections/Section4/graphs/persistence/persistence_infected_humans-eps-converted
-to.pdf, id=310, 198.7425pt x 122.4575pt>
=======
LaTeX Warning: Marginpar on page 11 moved.

Package epstopdf Info: Source file: <Sections/Section4/graphs/persistence/persi
stence_infected_humans.eps>
(epstopdf)                    date: 2017-06-06 06:57:53
(epstopdf)                    size: 68867 bytes
(epstopdf)             Output file: <Sections/Section4/graphs/persistence/persi
stence_infected_humans-eps-converted-to.pdf>
(epstopdf)                    date: 2017-06-06 06:57:53
(epstopdf)                    size: 15744 bytes
(epstopdf)             Command: <repstopdf --outfile=Sections/Section4/graphs/p
ersistence/persistence_infected_humans-eps-converted-to.pdf Sections/Section4/g
raphs/persistence/persistence_infected_humans.eps>
(epstopdf)             \includegraphics on input line 267.
Package epstopdf Info: Output file is already uptodate.

<Sections/Section4/graphs/persistence/persistence_infected_humans-eps-converted
-to.pdf, id=272, 198.7425pt x 122.4575pt>
>>>>>>> Stashed changes
File: Sections/Section4/graphs/persistence/persistence_infected_humans-eps-conv
erted-to.pdf Graphic file (type pdf)

<use Sections/Section4/graphs/persistence/persistence_infected_humans-eps-conve
rted-to.pdf>
Package pdftex.def Info: Sections/Section4/graphs/persistence/persistence_infec
<<<<<<< Updated upstream
ted_humans-eps-converted-to.pdf used on input line 30.
(pdftex.def)             Requested size: 198.742pt x 122.45718pt.
Package epstopdf Info: Source file: <Sections/Section4/graphs/persistence/persi
stence_infected_vectors.eps>
(epstopdf)                    date: 2017-06-30 13:11:38
(epstopdf)                    size: 79426 bytes
(epstopdf)             Output file: <Sections/Section4/graphs/persistence/persi
stence_infected_vectors-eps-converted-to.pdf>
(epstopdf)                    date: 2017-06-30 13:12:35
(epstopdf)                    size: 26502 bytes
(epstopdf)             Command: <repstopdf --outfile=Sections/Section4/graphs/p
ersistence/persistence_infected_vectors-eps-converted-to.pdf Sections/Section4/
graphs/persistence/persistence_infected_vectors.eps>
(epstopdf)             \includegraphics on input line 39.
Package epstopdf Info: Output file is already uptodate.

<Sections/Section4/graphs/persistence/persistence_infected_vectors-eps-converte
d-to.pdf, id=313, 198.7425pt x 122.4575pt>
=======
ted_humans-eps-converted-to.pdf used on input line 267.
(pdftex.def)             Requested size: 198.742pt x 122.45718pt.
Package epstopdf Info: Source file: <Sections/Section4/graphs/persistence/persi
stence_infected_vectors.eps>
(epstopdf)                    date: 2017-06-06 06:57:53
(epstopdf)                    size: 72028 bytes
(epstopdf)             Output file: <Sections/Section4/graphs/persistence/persi
stence_infected_vectors-eps-converted-to.pdf>
(epstopdf)                    date: 2017-06-06 06:57:53
(epstopdf)                    size: 20528 bytes
(epstopdf)             Command: <repstopdf --outfile=Sections/Section4/graphs/p
ersistence/persistence_infected_vectors-eps-converted-to.pdf Sections/Section4/
graphs/persistence/persistence_infected_vectors.eps>
(epstopdf)             \includegraphics on input line 272.
Package epstopdf Info: Output file is already uptodate.

<Sections/Section4/graphs/persistence/persistence_infected_vectors-eps-converte
d-to.pdf, id=273, 198.7425pt x 122.4575pt>
>>>>>>> Stashed changes
File: Sections/Section4/graphs/persistence/persistence_infected_vectors-eps-con
verted-to.pdf Graphic file (type pdf)

<use Sections/Section4/graphs/persistence/persistence_infected_vectors-eps-conv
erted-to.pdf>
Package pdftex.def Info: Sections/Section4/graphs/persistence/persistence_infec
<<<<<<< Updated upstream
ted_vectors-eps-converted-to.pdf used on input line 39.
=======
ted_vectors-eps-converted-to.pdf used on input line 272.
>>>>>>> Stashed changes
(pdftex.def)             Requested size: 198.742pt x 122.45718pt.
Package epstopdf Info: Source file: <Sections/Section4/graphs/persistence/persi
stence_mean_population.eps>
(epstopdf)                    date: 2017-06-10 11:00:01
(epstopdf)                    size: 104630 bytes
(epstopdf)             Output file: <Sections/Section4/graphs/persistence/persi
stence_mean_population-eps-converted-to.pdf>
<<<<<<< Updated upstream
(epstopdf)                    date: 2017-06-24 09:01:12
(epstopdf)                    size: 15544 bytes
(epstopdf)             Command: <repstopdf --outfile=Sections/Section4/graphs/p
ersistence/persistence_mean_population-eps-converted-to.pdf Sections/Section4/g
raphs/persistence/persistence_mean_population.eps>
(epstopdf)             \includegraphics on input line 52.
Package epstopdf Info: Output file is already uptodate.

<Sections/Section4/graphs/persistence/persistence_mean_population-eps-converted
-to.pdf, id=320, 397.485pt x 113.42375pt>
=======
(epstopdf)                    date: 2017-06-12 09:59:11
(epstopdf)                    size: 12418 bytes
(epstopdf)             Command: <repstopdf --outfile=Sections/Section4/graphs/p
ersistence/persistence_mean_population-eps-converted-to.pdf Sections/Section4/g
raphs/persistence/persistence_mean_population.eps>
(epstopdf)             \includegraphics on input line 280.
Package epstopdf Info: Output file is already uptodate.

<Sections/Section4/graphs/persistence/persistence_mean_population-eps-converted
-to.pdf, id=274, 397.485pt x 113.42375pt>
>>>>>>> Stashed changes
File: Sections/Section4/graphs/persistence/persistence_mean_population-eps-conv
erted-to.pdf Graphic file (type pdf)

<use Sections/Section4/graphs/persistence/persistence_mean_population-eps-conve
rted-to.pdf>
Package pdftex.def Info: Sections/Section4/graphs/persistence/persistence_mean_
<<<<<<< Updated upstream
population-eps-converted-to.pdf used on input line 52.
=======
population-eps-converted-to.pdf used on input line 280.
>>>>>>> Stashed changes
(pdftex.def)             Requested size: 397.48402pt x 113.42346pt.
Package epstopdf Info: Source file: <Sections/Section4/graphs/persistence/persi
stence_histograms.eps>
(epstopdf)                    date: 2017-06-28 15:08:01
(epstopdf)                    size: 110699 bytes
(epstopdf)             Output file: <Sections/Section4/graphs/persistence/persi
stence_histograms-eps-converted-to.pdf>
(epstopdf)                    date: 2017-06-28 15:08:49
(epstopdf)                    size: 9596 bytes
(epstopdf)             Command: <repstopdf --outfile=Sections/Section4/graphs/p
ersistence/persistence_histograms-eps-converted-to.pdf Sections/Section4/graphs
/persistence/persistence_histograms.eps>
(epstopdf)             \includegraphics on input line 68.
Package epstopdf Info: Output file is already uptodate.

<Sections/Section4/graphs/persistence/persistence_histograms-eps-converted-to.p
df, id=321, 338.26375pt x 208.78pt>
File: Sections/Section4/graphs/persistence/persistence_histograms-eps-converted
-to.pdf Graphic file (type pdf)

<use Sections/Section4/graphs/persistence/persistence_histograms-eps-converted-
to.pdf>
Package pdftex.def Info: Sections/Section4/graphs/persistence/persistence_histo
grams-eps-converted-to.pdf used on input line 68.
(pdftex.def)             Requested size: 338.26291pt x 208.77946pt.
Package epstopdf Info: Source file: <Sections/Section4/graphs/persistence/persi
stence_variance_population.eps>
(epstopdf)                    date: 2017-06-10 11:00:01
(epstopdf)                    size: 170582 bytes
(epstopdf)             Output file: <Sections/Section4/graphs/persistence/persi
stence_variance_population-eps-converted-to.pdf>
<<<<<<< Updated upstream
(epstopdf)                    date: 2017-06-24 09:01:12
(epstopdf)                    size: 66379 bytes
(epstopdf)             Command: <repstopdf --outfile=Sections/Section4/graphs/p
ersistence/persistence_variance_population-eps-converted-to.pdf Sections/Sectio
n4/graphs/persistence/persistence_variance_population.eps>
(epstopdf)             \includegraphics on input line 84.
Package epstopdf Info: Output file is already uptodate.

<Sections/Section4/graphs/persistence/persistence_variance_population-eps-conve
rted-to.pdf, id=326, 397.485pt x 124.465pt>
=======
(epstopdf)                    date: 2017-06-12 09:59:11
(epstopdf)                    size: 62190 bytes
(epstopdf)             Command: <repstopdf --outfile=Sections/Section4/graphs/p
ersistence/persistence_variance_population-eps-converted-to.pdf Sections/Sectio
n4/graphs/persistence/persistence_variance_population.eps>
(epstopdf)             \includegraphics on input line 288.
Package epstopdf Info: Output file is already uptodate.

<Sections/Section4/graphs/persistence/persistence_variance_population-eps-conve
rted-to.pdf, id=275, 397.485pt x 124.465pt>
>>>>>>> Stashed changes
File: Sections/Section4/graphs/persistence/persistence_variance_population-eps-
converted-to.pdf Graphic file (type pdf)

<use Sections/Section4/graphs/persistence/persistence_variance_population-eps-c
onverted-to.pdf>
Package pdftex.def Info: Sections/Section4/graphs/persistence/persistence_varia
<<<<<<< Updated upstream
nce_population-eps-converted-to.pdf used on input line 84.
(pdftex.def)             Requested size: 397.48402pt x 124.46469pt.
) (./Sections/Section5/conclusions.tex) [13] [14 <./Sections/Section4/graphs/di
sease_free/disease_free_infected_humans-eps-converted-to.pdf> <./Sections/Secti
on4/graphs/disease_free/disease_free_infected_vectors-eps-converted-to.pdf>] [1
5 <./Sections/Section4/graphs/disease_free/disease_free_mean_population-eps-con
verted-to.pdf> <./Sections/Section4/graphs/disease_free/disease_free_variance_p
opulation-eps-converted-to.pdf> <./Sections/Section4/graphs/disease_free/stoppi
ng_time_histograms-eps-converted-to.pdf>] [16 <./Sections/Section4/graphs/persi
stence/persistence_infected_humans-eps-converted-to.pdf> <./Sections/Section4/g
raphs/persistence/persistence_infected_vectors-eps-converted-to.pdf> <./Section
s/Section4/graphs/persistence/persistence_mean_population-eps-converted-to.pdf>
] [17 <./Sections/Section4/graphs/persistence/persistence_histograms-eps-conver
ted-to.pdf> <./Sections/Section4/graphs/persistence/persistence_variance_popula
tion-eps-converted-to.pdf>] (./Sections/Appendix/appendix.tex
(./Sections/Appendix/existence_regularity.tex)
=======
nce_population-eps-converted-to.pdf used on input line 288.
(pdftex.def)             Requested size: 397.48402pt x 124.46469pt.
) [11] [12 <./Sections/Section4/graphs/disease_free/disease_free_infected_human
s-eps-converted-to.pdf> <./Sections/Section4/graphs/disease_free/disease_free_i
nfected_vectors-eps-converted-to.pdf> <./Sections/Section4/graphs/disease_free/
disease_free_mean_population-eps-converted-to.pdf>]
(./Sections/Appendix/appendix.tex (./Sections/Appendix/existence_regularity.tex
[13 <./Sections/Section4/graphs/disease_free/disease_free_variance_population-e
ps-converted-to.pdf> <./Sections/Section4/graphs/persistence/persistence_infect
ed_humans-eps-converted-to.pdf> <./Sections/Section4/graphs/persistence/persist
ence_infected_vectors-eps-converted-to.pdf> <./Sections/Section4/graphs/persist
ence/persistence_mean_population-eps-converted-to.pdf>] [14 <./Sections/Section
4/graphs/persistence/persistence_variance_population-eps-converted-to.pdf>])
>>>>>>> Stashed changes
(./Sections/Appendix/stochastic_stability.tex
Missing character: There is no  in font cmti10!
Missing character: There is no  in font cmti10!
 [18]
Missing character: There is no  in font cmr10!
Missing character: There is no  in font cmr10!
)
<<<<<<< Updated upstream
(./Sections/Appendix/numerical_method.tex [19pdfTeX warning (ext4): destination
=======
(./Sections/Appendix/numerical_method.tex [15pdfTeX warning (ext4): destination
>>>>>>> Stashed changes
 with the same identifier (name{theorem.B.2}) has been already used, duplicate 
ignored

\AtBegShi@Output ...ipout \box \AtBeginShipoutBox 
                                                  \fi \fi 
l.111 \end{align*}
                  ])) (./multi_host_SI_sde.bbl
Missing character: There is no  in font cmr8!
Missing character: There is no  in font cmr8!
Missing character: There is no  in font cmr8!
Missing character: There is no  in font cmr8!
Missing character: There is no  in font cmr8!
<<<<<<< Updated upstream
 [20]
=======
 [16]
>>>>>>> Stashed changes
Missing character: There is no  in font cmr8!
Missing character: There is no  in font cmr8!
) [21]
Package atveryend Info: Empty hook `BeforeClearDocument' on input line 105.
Package atveryend Info: Empty hook `AfterLastShipout' on input line 105.

(./multi_host_SI_sde.aux)
Package atveryend Info: Executing hook `AtVeryEndDocument' on input line 105.
Package atveryend Info: Executing hook `AtEndAfterFileList' on input line 105.
Package rerunfilecheck Info: File `multi_host_SI_sde.out' has not changed.
(rerunfilecheck)             Checksum: 8BF897030A5EB8C2853D150864228496;1029.


LaTeX Warning: There were multiply-defined labels.

Package atveryend Info: Empty hook `AtVeryVeryEnd' on input line 105.
 ) 
Here is how much of TeX's memory you used:
<<<<<<< Updated upstream
 32587 strings out of 493014
 637683 string characters out of 6133351
 680910 words of memory out of 5000000
 35438 multiletter control sequences out of 15000+600000
 25444 words of font info for 94 fonts, out of 8000000 for 9000
 1141 hyphenation exceptions out of 8191
 62i,22n,87p,10387b,959s stack positions out of 5000i,500n,10000p,200000b,80000s
{/usr/local/texlive/2016/texmf-dist/fonts/enc/dvips/mnsymbol/MnSymbolC.enc}{/
usr/local/texlive/2016/texmf-dist/fonts/enc/dvips/mnsymbol/MnSymbolE.enc}{/usr/
local/texlive/2016/texmf-dist/fonts/enc/dvips/mnsymbol/MnSymbolD.enc}{/usr/loca
l/texlive/2016/texmf-dist/fonts/enc/dvips/mnsymbol/MnSymbolA.enc} </home/saul/.
texlive2016/texmf-var/fonts/pk/ljfour/public/bbm/bbm10.600pk>{/usr/local/texliv
e/2016/texmf-dist/fonts/enc/dvips/mnsymbol/MnSymbolF.enc}{/usr/local/texlive/20
16/texmf-dist/fonts/enc/dvips/mnsymbol/MnSymbolS.enc}{/usr/local/texlive/2016/t
exmf-dist/fonts/enc/dvips/cm-super/cm-super-ts1.enc}</usr/local/texlive/2016/te
xmf-dist/fonts/type1/public/mnsymbol/MnSymbol10.pfb></usr/local/texlive/2016/te
xmf-dist/fonts/type1/public/mnsymbol/MnSymbol5.pfb></usr/local/texlive/2016/tex
mf-dist/fonts/type1/public/mnsymbol/MnSymbol6.pfb></usr/local/texlive/2016/texm
f-dist/fonts/type1/public/mnsymbol/MnSymbol7.pfb></usr/local/texlive/2016/texmf
-dist/fonts/type1/public/mnsymbol/MnSymbol8.pfb></usr/local/texlive/2016/texmf-
dist/fonts/type1/public/amsfonts/cm/cmbx10.pfb></usr/local/texlive/2016/texmf-d
ist/fonts/type1/public/amsfonts/cm/cmbx7.pfb></usr/local/texlive/2016/texmf-dis
t/fonts/type1/public/amsfonts/cm/cmmi10.pfb></usr/local/texlive/2016/texmf-dist
/fonts/type1/public/amsfonts/cm/cmmi5.pfb></usr/local/texlive/2016/texmf-dist/f
onts/type1/public/amsfonts/cm/cmmi6.pfb></usr/local/texlive/2016/texmf-dist/fon
ts/type1/public/amsfonts/cm/cmmi7.pfb></usr/local/texlive/2016/texmf-dist/fonts
/type1/public/amsfonts/cm/cmmi8.pfb></usr/local/texlive/2016/texmf-dist/fonts/t
ype1/public/amsfonts/cm/cmr10.pfb></usr/local/texlive/2016/texmf-dist/fonts/typ
e1/public/amsfonts/cm/cmr12.pfb></usr/local/texlive/2016/texmf-dist/fonts/type1
/public/amsfonts/cm/cmr17.pfb></usr/local/texlive/2016/texmf-dist/fonts/type1/p
ublic/amsfonts/cm/cmr5.pfb></usr/local/texlive/2016/texmf-dist/fonts/type1/publ
ic/amsfonts/cm/cmr6.pfb></usr/local/texlive/2016/texmf-dist/fonts/type1/public/
amsfonts/cm/cmr7.pfb></usr/local/texlive/2016/texmf-dist/fonts/type1/public/ams
fonts/cm/cmr8.pfb></usr/local/texlive/2016/texmf-dist/fonts/type1/public/amsfon
ts/cm/cmss10.pfb></usr/local/texlive/2016/texmf-dist/fonts/type1/public/amsfont
s/cm/cmss8.pfb></usr/local/texlive/2016/texmf-dist/fonts/type1/public/amsfonts/
cm/cmti10.pfb></usr/local/texlive/2016/texmf-dist/fonts/type1/public/amsfonts/c
m/cmti7.pfb></usr/local/texlive/2016/texmf-dist/fonts/type1/public/amsfonts/cm/
cmti8.pfb></usr/local/texlive/2016/texmf-dist/fonts/type1/public/amsfonts/cm/cm
tt8.pfb></usr/local/texlive/2016/texmf-dist/fonts/type1/public/amsfonts/symbols
/msbm10.pfb></usr/local/texlive/2016/texmf-dist/fonts/type1/public/cm-super/sfr
m1000.pfb></usr/local/texlive/2016/texmf-dist/fonts/type1/urw/zapfding/uzdr.pfb
>
Output written on multi_host_SI_sde.pdf (21 pages, 609951 bytes).
PDF statistics:
 670 PDF objects out of 1000 (max. 8388607)
 579 compressed objects within 6 object streams
 128 named destinations out of 1000 (max. 500000)
 175 words of extra memory for PDF output out of 10000 (max. 10000000)
=======
 32525 strings out of 493014
 636120 string characters out of 6133351
 691474 words of memory out of 5000000
 35410 multiletter control sequences out of 15000+600000
 25109 words of font info for 93 fonts, out of 8000000 for 9000
 1141 hyphenation exceptions out of 8191
 62i,22n,77p,10387b,972s stack positions out of 5000i,500n,10000p,200000b,80000s
{/usr/local/texlive/2016/texmf-dist/fonts/enc/dvips/mnsymbol/MnSymbolC.enc}{/
usr/local/texlive/2016/texmf-dist/fonts/enc/dvips/mnsymbol/MnSymbolD.enc}{/usr/
local/texlive/2016/texmf-dist/fonts/enc/dvips/mnsymbol/MnSymbolA.enc} </home/sa
ul/.texlive2016/texmf-var/fonts/pk/ljfour/public/bbm/bbm10.600pk>{/usr/local/te
xlive/2016/texmf-dist/fonts/enc/dvips/mnsymbol/MnSymbolF.enc}{/usr/local/texliv
e/2016/texmf-dist/fonts/enc/dvips/mnsymbol/MnSymbolE.enc}{/usr/local/texlive/20
16/texmf-dist/fonts/enc/dvips/mnsymbol/MnSymbolS.enc}</usr/local/texlive/2016/t
exmf-dist/fonts/type1/public/mnsymbol/MnSymbol10.pfb></usr/local/texlive/2016/t
exmf-dist/fonts/type1/public/mnsymbol/MnSymbol5.pfb></usr/local/texlive/2016/te
xmf-dist/fonts/type1/public/mnsymbol/MnSymbol6.pfb></usr/local/texlive/2016/tex
mf-dist/fonts/type1/public/mnsymbol/MnSymbol7.pfb></usr/local/texlive/2016/texm
f-dist/fonts/type1/public/mnsymbol/MnSymbol8.pfb></usr/local/texlive/2016/texmf
-dist/fonts/type1/public/amsfonts/cm/cmbx10.pfb></usr/local/texlive/2016/texmf-
dist/fonts/type1/public/amsfonts/cm/cmbx7.pfb></usr/local/texlive/2016/texmf-di
st/fonts/type1/public/amsfonts/cm/cmmi10.pfb></usr/local/texlive/2016/texmf-dis
t/fonts/type1/public/amsfonts/cm/cmmi5.pfb></usr/local/texlive/2016/texmf-dist/
fonts/type1/public/amsfonts/cm/cmmi7.pfb></usr/local/texlive/2016/texmf-dist/fo
nts/type1/public/amsfonts/cm/cmmi8.pfb></usr/local/texlive/2016/texmf-dist/font
s/type1/public/amsfonts/cm/cmr10.pfb></usr/local/texlive/2016/texmf-dist/fonts/
type1/public/amsfonts/cm/cmr12.pfb></usr/local/texlive/2016/texmf-dist/fonts/ty
pe1/public/amsfonts/cm/cmr17.pfb></usr/local/texlive/2016/texmf-dist/fonts/type
1/public/amsfonts/cm/cmr5.pfb></usr/local/texlive/2016/texmf-dist/fonts/type1/p
ublic/amsfonts/cm/cmr6.pfb></usr/local/texlive/2016/texmf-dist/fonts/type1/publ
ic/amsfonts/cm/cmr7.pfb></usr/local/texlive/2016/texmf-dist/fonts/type1/public/
amsfonts/cm/cmr8.pfb></usr/local/texlive/2016/texmf-dist/fonts/type1/public/ams
fonts/cm/cmss10.pfb></usr/local/texlive/2016/texmf-dist/fonts/type1/public/amsf
onts/cm/cmss8.pfb></usr/local/texlive/2016/texmf-dist/fonts/type1/public/amsfon
ts/cm/cmti10.pfb></usr/local/texlive/2016/texmf-dist/fonts/type1/public/amsfont
s/cm/cmti7.pfb></usr/local/texlive/2016/texmf-dist/fonts/type1/public/amsfonts/
cm/cmti8.pfb></usr/local/texlive/2016/texmf-dist/fonts/type1/public/amsfonts/cm
/cmtt8.pfb></usr/local/texlive/2016/texmf-dist/fonts/type1/public/amsfonts/symb
ols/msbm10.pfb></usr/local/texlive/2016/texmf-dist/fonts/type1/urw/zapfding/uzd
r.pfb>
Output written on multi_host_SI_sde.pdf (17 pages, 552529 bytes).
PDF statistics:
 566 PDF objects out of 1000 (max. 8388607)
 501 compressed objects within 6 object streams
 131 named destinations out of 1000 (max. 500000)
 157 words of extra memory for PDF output out of 10000 (max. 10000000)
>>>>>>> Stashed changes

